<?xml version="1.0" encoding="UTF-8"?>
<!-- Generated by org.testng.reporters.JUnitXMLReporter -->
<testsuite ignored="1" hostname="LAPTOP-PIH325AL" failures="0" tests="1" name="Default test" time="30.523" errors="0" timestamp="2026-04-08T22:26:37 IST">
  <testcase classname="com.kpmg.test.LoginTest" name="validLoginTest" time="8.669"/>
  <testcase classname="com.kpmg.test.LoginTest" name="invalidLoginTest" time="0.0">
    <ignored/>
  </testcase> <!-- invalidLoginTest -->
</testsuite> <!-- Default test -->
