<?xml version="1.0" encoding="UTF-8"?>
<!-- Generated by org.testng.reporters.JUnitXMLReporter -->
<testsuite ignored="1" hostname="LAPTOP-PIH325AL" failures="0" tests="1" name="Default test" time="33.407" errors="0" timestamp="2026-04-08T20:42:34 IST">
  <testcase classname="com.kpmg.test.LoginUITest" name="getCenterText_T02" time="0.045"/>
  <testcase classname="com.kpmg.test.LoginUITest" name="getTitle_T01" time="0.0">
    <ignored/>
  </testcase> <!-- getTitle_T01 -->
</testsuite> <!-- Default test -->
