<?xml version="1.0" encoding="UTF-8"?>
<!-- Generated by org.testng.reporters.JUnitXMLReporter -->
<testsuite ignored="1" hostname="LAPTOP-PIH325AL" failures="0" tests="5" name="Default test" time="199.934" errors="0" timestamp="2026-04-23T00:13:23 IST">
  <testcase classname="com.kpmg.test.LoginTest" name="validLoginTest" time="10.207"/>
  <testcase classname="com.kpmg.test.LoginTest" name="validLoginTest" time="13.235"/>
  <testcase classname="com.kpmg.test.LoginTest" name="validLoginTest" time="11.038"/>
  <testcase classname="com.kpmg.test.LoginTest" name="validLoginTest" time="10.935"/>
  <testcase classname="com.kpmg.test.LoginTest" name="validLoginTest" time="7.911"/>
  <testcase classname="com.kpmg.test.LoginTest" name="invalidLoginTest" time="0.0">
    <ignored/>
  </testcase> <!-- invalidLoginTest -->
</testsuite> <!-- Default test -->
