<?xml version="1.0" encoding="UTF-8"?>
<!-- Generated by org.testng.reporters.JUnitXMLReporter -->
<testsuite ignored="0" hostname="LAPTOP-PIH325AL" failures="1" tests="1" name="Default test" time="64.85" errors="0" timestamp="2026-04-17T00:43:06 IST">
  <testcase classname="com.kpmg.test.PatientTest" name="addValidPatientTest" time="38.699">
    <failure type="com.microsoft.playwright.TimeoutError" message="Error {
  message=&amp;apos;Timeout 30000ms exceeded.
  name=&amp;apos;TimeoutError
  stack=&amp;apos;TimeoutError: Timeout 30000ms exceeded.
    at ProgressController.run (C:\Users\ILLAKK~1\AppData\Local\Temp\playwright-java-10257508637000905066\package\lib\server\progress.js:86:28)
    at FrameDispatcher._runCommand (C:\Users\ILLAKK~1\AppData\Local\Temp\playwright-java-10257508637000905066\package\lib\server\dispatchers\dispatcher.js:91:31)
    at DispatcherConnection.dispatch (C:\Users\ILLAKK~1\AppData\Local\Temp\playwright-java-10257508637000905066\package\lib\server\dispatchers\dispatcher.js:325:39)
}
Call log:
-   - waiting for locator(&amp;quot;//div[text()=&amp;apos;Patient&amp;apos;]&amp;quot;)
-     - locator resolved to &amp;lt;div role=&amp;quot;button&amp;quot; aria-haspopup=&amp;quot;true&amp;quot; aria-expanded=&amp;quot;false&amp;quot; data-bind=&amp;quot;text:label&amp;quot; data-toggle=&amp;quot;dropdown&amp;quot; class=&amp;quot;menuLabel px-1 dropdown-toggle oe-dropdown-toggle&amp;quot;&amp;gt;Patient&amp;lt;/div&amp;gt;
-   - attempting hover action
-     2 × waiting for element to be visible and stable
-       - element is visible and stable
-       - scrolling into view if needed
-       - done scrolling
-       - &amp;lt;div class=&amp;quot;modal-header&amp;quot;&amp;gt;OpenEMR Product Registration&amp;lt;/div&amp;gt; from &amp;lt;div role=&amp;quot;dialog&amp;quot; aria-modal=&amp;quot;true&amp;quot; class=&amp;quot;product-registration-modal modal fade show&amp;quot;&amp;gt;…&amp;lt;/div&amp;gt; subtree intercepts pointer events
-     - retrying hover action
-     - waiting 20ms
-     2 × waiting for element to be visible and stable
-       - element is visible and stable
-       - scrolling into view if needed
-       - done scrolling
-       - &amp;lt;div class=&amp;quot;modal-header&amp;quot;&amp;gt;OpenEMR Product Registration&amp;lt;/div&amp;gt; from &amp;lt;div role=&amp;quot;dialog&amp;quot; aria-modal=&amp;quot;true&amp;quot; class=&amp;quot;product-registration-modal modal fade show&amp;quot;&amp;gt;…&amp;lt;/div&amp;gt; subtree intercepts pointer events
-     - retrying hover action
-       - waiting 100ms
-     55 × waiting for element to be visible and stable
-        - element is visible and stable
-        - scrolling into view if needed
-        - done scrolling
-        - &amp;lt;div class=&amp;quot;modal-header&amp;quot;&amp;gt;OpenEMR Product Registration&amp;lt;/div&amp;gt; from &amp;lt;div role=&amp;quot;dialog&amp;quot; aria-modal=&amp;quot;true&amp;quot; class=&amp;quot;product-registration-modal modal fade show&amp;quot;&amp;gt;…&amp;lt;/div&amp;gt; subtree intercepts pointer events
-      - retrying hover action
-        - waiting 500ms
">
      <![CDATA[com.microsoft.playwright.TimeoutError: Error {
  message='Timeout 30000ms exceeded.
  name='TimeoutError
  stack='TimeoutError: Timeout 30000ms exceeded.
    at ProgressController.run (C:\Users\ILLAKK~1\AppData\Local\Temp\playwright-java-10257508637000905066\package\lib\server\progress.js:86:28)
    at FrameDispatcher._runCommand (C:\Users\ILLAKK~1\AppData\Local\Temp\playwright-java-10257508637000905066\package\lib\server\dispatchers\dispatcher.js:91:31)
    at DispatcherConnection.dispatch (C:\Users\ILLAKK~1\AppData\Local\Temp\playwright-java-10257508637000905066\package\lib\server\dispatchers\dispatcher.js:325:39)
}
Call log:
-   - waiting for locator("//div[text()='Patient']")
-     - locator resolved to <div role="button" aria-haspopup="true" aria-expanded="false" data-bind="text:label" data-toggle="dropdown" class="menuLabel px-1 dropdown-toggle oe-dropdown-toggle">Patient</div>
-   - attempting hover action
-     2 × waiting for element to be visible and stable
-       - element is visible and stable
-       - scrolling into view if needed
-       - done scrolling
-       - <div class="modal-header">OpenEMR Product Registration</div> from <div role="dialog" aria-modal="true" class="product-registration-modal modal fade show">…</div> subtree intercepts pointer events
-     - retrying hover action
-     - waiting 20ms
-     2 × waiting for element to be visible and stable
-       - element is visible and stable
-       - scrolling into view if needed
-       - done scrolling
-       - <div class="modal-header">OpenEMR Product Registration</div> from <div role="dialog" aria-modal="true" class="product-registration-modal modal fade show">…</div> subtree intercepts pointer events
-     - retrying hover action
-       - waiting 100ms
-     55 × waiting for element to be visible and stable
-        - element is visible and stable
-        - scrolling into view if needed
-        - done scrolling
-        - <div class="modal-header">OpenEMR Product Registration</div> from <div role="dialog" aria-modal="true" class="product-registration-modal modal fade show">…</div> subtree intercepts pointer events
-      - retrying hover action
-        - waiting 500ms

at com.microsoft.playwright.impl.WaitableResult.get(WaitableResult.java:52)
at com.microsoft.playwright.impl.ChannelOwner.runUntil(ChannelOwner.java:138)
at com.microsoft.playwright.impl.Connection.sendMessage(Connection.java:131)
at com.microsoft.playwright.impl.ChannelOwner.sendMessage(ChannelOwner.java:124)
at com.microsoft.playwright.impl.FrameImpl.hoverImpl(FrameImpl.java:448)
at com.microsoft.playwright.impl.FrameImpl.hover(FrameImpl.java:439)
at com.microsoft.playwright.impl.LocatorImpl.hover(LocatorImpl.java:375)
at com.microsoft.playwright.Locator.hover(Locator.java:3880)
at com.kpmg.test.PatientTest.addValidPatientTest(PatientTest.java:40)
at java.base/jdk.internal.reflect.NativeMethodAccessorImpl.invoke0(Native Method)
at java.base/jdk.internal.reflect.NativeMethodAccessorImpl.invoke(NativeMethodAccessorImpl.java:62)
at java.base/jdk.internal.reflect.DelegatingMethodAccessorImpl.invoke(DelegatingMethodAccessorImpl.java:43)
at java.base/java.lang.reflect.Method.invoke(Method.java:566)
at org.testng.internal.invokers.MethodInvocationHelper.invokeMethod(MethodInvocationHelper.java:141)
at org.testng.internal.invokers.TestInvoker.invokeMethod(TestInvoker.java:697)
at org.testng.internal.invokers.TestInvoker.invokeTestMethod(TestInvoker.java:230)
at org.testng.internal.invokers.MethodRunner.runInSequence(MethodRunner.java:63)
at org.testng.internal.invokers.TestInvoker$MethodInvocationAgent.invoke(TestInvoker.java:1005)
at org.testng.internal.invokers.TestInvoker.invokeTestMethods(TestInvoker.java:203)
at org.testng.internal.invokers.TestMethodWorker.invokeTestMethods(TestMethodWorker.java:154)
at org.testng.internal.invokers.TestMethodWorker.run(TestMethodWorker.java:134)
at java.base/java.util.ArrayList.forEach(ArrayList.java:1541)
at org.testng.TestRunner.privateRun(TestRunner.java:744)
at org.testng.TestRunner.run(TestRunner.java:616)
at org.testng.SuiteRunner.runTest(SuiteRunner.java:421)
at org.testng.SuiteRunner.runSequentially(SuiteRunner.java:413)
at org.testng.SuiteRunner.privateRun(SuiteRunner.java:373)
at org.testng.SuiteRunner.run(SuiteRunner.java:312)
at org.testng.SuiteRunnerWorker.runSuite(SuiteRunnerWorker.java:52)
at org.testng.SuiteRunnerWorker.run(SuiteRunnerWorker.java:95)
at org.testng.TestNG.runSuitesSequentially(TestNG.java:1274)
at org.testng.TestNG.runSuitesLocally(TestNG.java:1208)
at org.testng.TestNG.runSuites(TestNG.java:1112)
at org.testng.TestNG.run(TestNG.java:1079)
at org.testng.remote.AbstractRemoteTestNG.run(AbstractRemoteTestNG.java:115)
at org.testng.remote.RemoteTestNG.initAndRun(RemoteTestNG.java:293)
at org.testng.remote.RemoteTestNG.main(RemoteTestNG.java:91)
Caused by: com.microsoft.playwright.TimeoutError: Error {
  message='Timeout 30000ms exceeded.
  name='TimeoutError
  stack='TimeoutError: Timeout 30000ms exceeded.
    at ProgressController.run (C:\Users\ILLAKK~1\AppData\Local\Temp\playwright-java-10257508637000905066\package\lib\server\progress.js:86:28)
    at FrameDispatcher._runCommand (C:\Users\ILLAKK~1\AppData\Local\Temp\playwright-java-10257508637000905066\package\lib\server\dispatchers\dispatcher.js:91:31)
    at DispatcherConnection.dispatch (C:\Users\ILLAKK~1\AppData\Local\Temp\playwright-java-10257508637000905066\package\lib\server\dispatchers\dispatcher.js:325:39)
}
Call log:
-   - waiting for locator("//div[text()='Patient']")
-     - locator resolved to <div role="button" aria-haspopup="true" aria-expanded="false" data-bind="text:label" data-toggle="dropdown" class="menuLabel px-1 dropdown-toggle oe-dropdown-toggle">Patient</div>
-   - attempting hover action
-     2 × waiting for element to be visible and stable
-       - element is visible and stable
-       - scrolling into view if needed
-       - done scrolling
-       - <div class="modal-header">OpenEMR Product Registration</div> from <div role="dialog" aria-modal="true" class="product-registration-modal modal fade show">…</div> subtree intercepts pointer events
-     - retrying hover action
-     - waiting 20ms
-     2 × waiting for element to be visible and stable
-       - element is visible and stable
-       - scrolling into view if needed
-       - done scrolling
-       - <div class="modal-header">OpenEMR Product Registration</div> from <div role="dialog" aria-modal="true" class="product-registration-modal modal fade show">…</div> subtree intercepts pointer events
-     - retrying hover action
-       - waiting 100ms
-     55 × waiting for element to be visible and stable
-        - element is visible and stable
-        - scrolling into view if needed
-        - done scrolling
-        - <div class="modal-header">OpenEMR Product Registration</div> from <div role="dialog" aria-modal="true" class="product-registration-modal modal fade show">…</div> subtree intercepts pointer events
-      - retrying hover action
-        - waiting 500ms

at com.microsoft.playwright.impl.Connection.dispatch(Connection.java:257)
at com.microsoft.playwright.impl.Connection.processOneMessage(Connection.java:214)
at com.microsoft.playwright.impl.ChannelOwner.runUntil(ChannelOwner.java:136)
... 35 more
]]>
    </failure>
  </testcase> <!-- addValidPatientTest -->
</testsuite> <!-- Default test -->
