<?xml version="1.0" encoding="UTF-8"?>
<testng-results ignored="1" total="2" passed="1" failed="0" skipped="0">
  <reporter-output>
  </reporter-output>
  <suite started-at="2026-04-08T22:26:07 IST" name="Default suite" finished-at="2026-04-08T22:26:37 IST" duration-ms="30523">
    <groups>
    </groups>
    <test started-at="2026-04-08T22:26:07 IST" name="Default test" finished-at="2026-04-08T22:26:37 IST" duration-ms="30523">
      <class name="com.kpmg.test.LoginTest">
        <test-method is-config="true" signature="browserDetails()[pri:0, instance:com.kpmg.test.LoginTest@6e9175d8]" started-at="2026-04-08T22:26:07 IST" name="browserDetails" finished-at="2026-04-08T22:26:25 IST" duration-ms="18398" status="PASS">
          <reporter-output>
          </reporter-output>
        </test-method> <!-- browserDetails -->
        <test-method signature="validLoginTest()[pri:0, instance:com.kpmg.test.LoginTest@6e9175d8]" started-at="2026-04-08T22:26:25 IST" name="validLoginTest" finished-at="2026-04-08T22:26:34 IST" duration-ms="8669" status="PASS">
          <reporter-output>
          </reporter-output>
        </test-method> <!-- validLoginTest -->
        <test-method is-config="true" signature="browserClose()[pri:0, instance:com.kpmg.test.LoginTest@6e9175d8]" started-at="2026-04-08T22:26:34 IST" name="browserClose" finished-at="2026-04-08T22:26:37 IST" duration-ms="3382" status="PASS">
          <reporter-output>
          </reporter-output>
        </test-method> <!-- browserClose -->
      </class> <!-- com.kpmg.test.LoginTest -->
    </test> <!-- Default test -->
  </suite> <!-- Default suite -->
</testng-results>
