<?xml version="1.0" encoding="UTF-8"?>
<testng-results ignored="1" total="6" passed="0" failed="5" skipped="0">
  <reporter-output>
  </reporter-output>
  <suite started-at="2026-04-12T19:33:52 IST" name="Default suite" finished-at="2026-04-12T19:37:33 IST" duration-ms="221161">
    <groups>
    </groups>
    <test started-at="2026-04-12T19:33:52 IST" name="Default test" finished-at="2026-04-12T19:37:33 IST" duration-ms="221161">
      <class name="com.kpmg.test.LoginTest">
        <test-method is-config="true" signature="browserDetails()[pri:0, instance:com.kpmg.test.LoginTest@7ef82753]" started-at="2026-04-12T19:33:53 IST" name="browserDetails" finished-at="2026-04-12T19:34:02 IST" duration-ms="8803" status="PASS">
          <reporter-output>
          </reporter-output>
        </test-method> <!-- browserDetails -->
        <test-method signature="validLoginTest(java.lang.String,java.lang.String,java.lang.String,java.lang.String)[pri:0, instance:com.kpmg.test.LoginTest@7ef82753]" started-at="2026-04-12T19:34:02 IST" name="validLoginTest" data-provider="validLoginData" finished-at="2026-04-12T19:34:35 IST" duration-ms="33276" status="FAIL">
          <params>
            <param index="0">
              <value>
                <![CDATA[admin]]>
              </value>
            </param>
            <param index="1">
              <value>
                <![CDATA[pass]]>
              </value>
            </param>
            <param index="2">
              <value>
                <![CDATA[18]]>
              </value>
            </param>
            <param index="3">
              <value>
                <![CDATA[Calendar]]>
              </value>
            </param>
          </params>
          <exception class="com.microsoft.playwright.TimeoutError">
            <message>
              <![CDATA[Error {
  message='Timeout 30000ms exceeded.
  name='TimeoutError
  stack='TimeoutError: Timeout 30000ms exceeded.
    at ProgressController.run (C:\Users\ILLAKK~1\AppData\Local\Temp\playwright-java-5125436664364232379\package\lib\server\progress.js:86:28)
    at FrameDispatcher._runCommand (C:\Users\ILLAKK~1\AppData\Local\Temp\playwright-java-5125436664364232379\package\lib\server\dispatchers\dispatcher.js:91:31)
    at DispatcherConnection.dispatch (C:\Users\ILLAKK~1\AppData\Local\Temp\playwright-java-5125436664364232379\package\lib\server\dispatchers\dispatcher.js:325:39)
}
Call log:
-   - waiting for locator("//p[contains(text(),'Invalid username')]")
]]>
            </message>
            <full-stacktrace>
              <![CDATA[com.microsoft.playwright.TimeoutError: Error {
  message='Timeout 30000ms exceeded.
  name='TimeoutError
  stack='TimeoutError: Timeout 30000ms exceeded.
    at ProgressController.run (C:\Users\ILLAKK~1\AppData\Local\Temp\playwright-java-5125436664364232379\package\lib\server\progress.js:86:28)
    at FrameDispatcher._runCommand (C:\Users\ILLAKK~1\AppData\Local\Temp\playwright-java-5125436664364232379\package\lib\server\dispatchers\dispatcher.js:91:31)
    at DispatcherConnection.dispatch (C:\Users\ILLAKK~1\AppData\Local\Temp\playwright-java-5125436664364232379\package\lib\server\dispatchers\dispatcher.js:325:39)
}
Call log:
-   - waiting for locator("//p[contains(text(),'Invalid username')]")

at com.microsoft.playwright.impl.WaitableResult.get(WaitableResult.java:52)
at com.microsoft.playwright.impl.ChannelOwner.runUntil(ChannelOwner.java:138)
at com.microsoft.playwright.impl.Connection.sendMessage(Connection.java:131)
at com.microsoft.playwright.impl.ChannelOwner.sendMessage(ChannelOwner.java:124)
at com.microsoft.playwright.impl.FrameImpl.innerTextImpl(FrameImpl.java:495)
at com.microsoft.playwright.impl.FrameImpl.innerText(FrameImpl.java:486)
at com.microsoft.playwright.impl.LocatorImpl.innerText(LocatorImpl.java:391)
at com.microsoft.playwright.Locator.innerText(Locator.java:3934)
at com.kpmg.test.LoginTest.validLoginTest(LoginTest.java:22)
at java.base/jdk.internal.reflect.NativeMethodAccessorImpl.invoke0(Native Method)
at java.base/jdk.internal.reflect.NativeMethodAccessorImpl.invoke(NativeMethodAccessorImpl.java:62)
at java.base/jdk.internal.reflect.DelegatingMethodAccessorImpl.invoke(DelegatingMethodAccessorImpl.java:43)
at java.base/java.lang.reflect.Method.invoke(Method.java:566)
at org.testng.internal.invokers.MethodInvocationHelper.invokeMethod(MethodInvocationHelper.java:141)
at org.testng.internal.invokers.TestInvoker.invokeMethod(TestInvoker.java:697)
at org.testng.internal.invokers.TestInvoker.invokeTestMethod(TestInvoker.java:230)
at org.testng.internal.invokers.MethodRunner.runInSequence(MethodRunner.java:63)
at org.testng.internal.invokers.TestInvoker$MethodInvocationAgent.invoke(TestInvoker.java:1005)
at org.testng.internal.invokers.TestInvoker.invokeTestMethods(TestInvoker.java:203)
at org.testng.internal.invokers.TestMethodWorker.invokeTestMethods(TestMethodWorker.java:154)
at org.testng.internal.invokers.TestMethodWorker.run(TestMethodWorker.java:134)
at java.base/java.util.ArrayList.forEach(ArrayList.java:1541)
at org.testng.TestRunner.privateRun(TestRunner.java:744)
at org.testng.TestRunner.run(TestRunner.java:616)
at org.testng.SuiteRunner.runTest(SuiteRunner.java:421)
at org.testng.SuiteRunner.runSequentially(SuiteRunner.java:413)
at org.testng.SuiteRunner.privateRun(SuiteRunner.java:373)
at org.testng.SuiteRunner.run(SuiteRunner.java:312)
at org.testng.SuiteRunnerWorker.runSuite(SuiteRunnerWorker.java:52)
at org.testng.SuiteRunnerWorker.run(SuiteRunnerWorker.java:95)
at org.testng.TestNG.runSuitesSequentially(TestNG.java:1274)
at org.testng.TestNG.runSuitesLocally(TestNG.java:1208)
at org.testng.TestNG.runSuites(TestNG.java:1112)
at org.testng.TestNG.run(TestNG.java:1079)
at org.testng.remote.AbstractRemoteTestNG.run(AbstractRemoteTestNG.java:115)
at org.testng.remote.RemoteTestNG.initAndRun(RemoteTestNG.java:293)
at org.testng.remote.RemoteTestNG.main(RemoteTestNG.java:91)
Caused by: com.microsoft.playwright.TimeoutError: Error {
  message='Timeout 30000ms exceeded.
  name='TimeoutError
  stack='TimeoutError: Timeout 30000ms exceeded.
    at ProgressController.run (C:\Users\ILLAKK~1\AppData\Local\Temp\playwright-java-5125436664364232379\package\lib\server\progress.js:86:28)
    at FrameDispatcher._runCommand (C:\Users\ILLAKK~1\AppData\Local\Temp\playwright-java-5125436664364232379\package\lib\server\dispatchers\dispatcher.js:91:31)
    at DispatcherConnection.dispatch (C:\Users\ILLAKK~1\AppData\Local\Temp\playwright-java-5125436664364232379\package\lib\server\dispatchers\dispatcher.js:325:39)
}
Call log:
-   - waiting for locator("//p[contains(text(),'Invalid username')]")

at com.microsoft.playwright.impl.Connection.dispatch(Connection.java:257)
at com.microsoft.playwright.impl.Connection.processOneMessage(Connection.java:214)
at com.microsoft.playwright.impl.ChannelOwner.runUntil(ChannelOwner.java:136)
... 35 more
]]>
            </full-stacktrace>
          </exception> <!-- com.microsoft.playwright.TimeoutError -->
          <reporter-output>
          </reporter-output>
        </test-method> <!-- validLoginTest -->
        <test-method is-config="true" signature="browserClose()[pri:0, instance:com.kpmg.test.LoginTest@7ef82753]" started-at="2026-04-12T19:34:35 IST" name="browserClose" finished-at="2026-04-12T19:34:38 IST" duration-ms="3229" status="PASS">
          <reporter-output>
          </reporter-output>
        </test-method> <!-- browserClose -->
        <test-method is-config="true" signature="browserDetails()[pri:0, instance:com.kpmg.test.LoginTest@7ef82753]" started-at="2026-04-12T19:34:38 IST" name="browserDetails" finished-at="2026-04-12T19:34:43 IST" duration-ms="4769" status="PASS">
          <reporter-output>
          </reporter-output>
        </test-method> <!-- browserDetails -->
        <test-method signature="validLoginTest(java.lang.String,java.lang.String,java.lang.String,java.lang.String)[pri:0, instance:com.kpmg.test.LoginTest@7ef82753]" started-at="2026-04-12T19:34:43 IST" name="validLoginTest" data-provider="validLoginData" finished-at="2026-04-12T19:35:16 IST" duration-ms="33267" status="FAIL">
          <params>
            <param index="0">
              <value>
                <![CDATA[physician]]>
              </value>
            </param>
            <param index="1">
              <value>
                <![CDATA[physician]]>
              </value>
            </param>
            <param index="2">
              <value>
                <![CDATA[18]]>
              </value>
            </param>
            <param index="3">
              <value>
                <![CDATA[Calendar]]>
              </value>
            </param>
          </params>
          <exception class="com.microsoft.playwright.TimeoutError">
            <message>
              <![CDATA[Error {
  message='Timeout 30000ms exceeded.
  name='TimeoutError
  stack='TimeoutError: Timeout 30000ms exceeded.
    at ProgressController.run (C:\Users\ILLAKK~1\AppData\Local\Temp\playwright-java-5125436664364232379\package\lib\server\progress.js:86:28)
    at FrameDispatcher._runCommand (C:\Users\ILLAKK~1\AppData\Local\Temp\playwright-java-5125436664364232379\package\lib\server\dispatchers\dispatcher.js:91:31)
    at DispatcherConnection.dispatch (C:\Users\ILLAKK~1\AppData\Local\Temp\playwright-java-5125436664364232379\package\lib\server\dispatchers\dispatcher.js:325:39)
}
Call log:
-   - waiting for locator("//p[contains(text(),'Invalid username')]")
]]>
            </message>
            <full-stacktrace>
              <![CDATA[com.microsoft.playwright.TimeoutError: Error {
  message='Timeout 30000ms exceeded.
  name='TimeoutError
  stack='TimeoutError: Timeout 30000ms exceeded.
    at ProgressController.run (C:\Users\ILLAKK~1\AppData\Local\Temp\playwright-java-5125436664364232379\package\lib\server\progress.js:86:28)
    at FrameDispatcher._runCommand (C:\Users\ILLAKK~1\AppData\Local\Temp\playwright-java-5125436664364232379\package\lib\server\dispatchers\dispatcher.js:91:31)
    at DispatcherConnection.dispatch (C:\Users\ILLAKK~1\AppData\Local\Temp\playwright-java-5125436664364232379\package\lib\server\dispatchers\dispatcher.js:325:39)
}
Call log:
-   - waiting for locator("//p[contains(text(),'Invalid username')]")

at com.microsoft.playwright.impl.WaitableResult.get(WaitableResult.java:52)
at com.microsoft.playwright.impl.ChannelOwner.runUntil(ChannelOwner.java:138)
at com.microsoft.playwright.impl.Connection.sendMessage(Connection.java:131)
at com.microsoft.playwright.impl.ChannelOwner.sendMessage(ChannelOwner.java:124)
at com.microsoft.playwright.impl.FrameImpl.innerTextImpl(FrameImpl.java:495)
at com.microsoft.playwright.impl.FrameImpl.innerText(FrameImpl.java:486)
at com.microsoft.playwright.impl.LocatorImpl.innerText(LocatorImpl.java:391)
at com.microsoft.playwright.Locator.innerText(Locator.java:3934)
at com.kpmg.test.LoginTest.validLoginTest(LoginTest.java:22)
at java.base/jdk.internal.reflect.NativeMethodAccessorImpl.invoke0(Native Method)
at java.base/jdk.internal.reflect.NativeMethodAccessorImpl.invoke(NativeMethodAccessorImpl.java:62)
at java.base/jdk.internal.reflect.DelegatingMethodAccessorImpl.invoke(DelegatingMethodAccessorImpl.java:43)
at java.base/java.lang.reflect.Method.invoke(Method.java:566)
at org.testng.internal.invokers.MethodInvocationHelper.invokeMethod(MethodInvocationHelper.java:141)
at org.testng.internal.invokers.TestInvoker.invokeMethod(TestInvoker.java:697)
at org.testng.internal.invokers.TestInvoker.invokeTestMethod(TestInvoker.java:230)
at org.testng.internal.invokers.MethodRunner.runInSequence(MethodRunner.java:63)
at org.testng.internal.invokers.TestInvoker$MethodInvocationAgent.invoke(TestInvoker.java:1005)
at org.testng.internal.invokers.TestInvoker.invokeTestMethods(TestInvoker.java:203)
at org.testng.internal.invokers.TestMethodWorker.invokeTestMethods(TestMethodWorker.java:154)
at org.testng.internal.invokers.TestMethodWorker.run(TestMethodWorker.java:134)
at java.base/java.util.ArrayList.forEach(ArrayList.java:1541)
at org.testng.TestRunner.privateRun(TestRunner.java:744)
at org.testng.TestRunner.run(TestRunner.java:616)
at org.testng.SuiteRunner.runTest(SuiteRunner.java:421)
at org.testng.SuiteRunner.runSequentially(SuiteRunner.java:413)
at org.testng.SuiteRunner.privateRun(SuiteRunner.java:373)
at org.testng.SuiteRunner.run(SuiteRunner.java:312)
at org.testng.SuiteRunnerWorker.runSuite(SuiteRunnerWorker.java:52)
at org.testng.SuiteRunnerWorker.run(SuiteRunnerWorker.java:95)
at org.testng.TestNG.runSuitesSequentially(TestNG.java:1274)
at org.testng.TestNG.runSuitesLocally(TestNG.java:1208)
at org.testng.TestNG.runSuites(TestNG.java:1112)
at org.testng.TestNG.run(TestNG.java:1079)
at org.testng.remote.AbstractRemoteTestNG.run(AbstractRemoteTestNG.java:115)
at org.testng.remote.RemoteTestNG.initAndRun(RemoteTestNG.java:293)
at org.testng.remote.RemoteTestNG.main(RemoteTestNG.java:91)
Caused by: com.microsoft.playwright.TimeoutError: Error {
  message='Timeout 30000ms exceeded.
  name='TimeoutError
  stack='TimeoutError: Timeout 30000ms exceeded.
    at ProgressController.run (C:\Users\ILLAKK~1\AppData\Local\Temp\playwright-java-5125436664364232379\package\lib\server\progress.js:86:28)
    at FrameDispatcher._runCommand (C:\Users\ILLAKK~1\AppData\Local\Temp\playwright-java-5125436664364232379\package\lib\server\dispatchers\dispatcher.js:91:31)
    at DispatcherConnection.dispatch (C:\Users\ILLAKK~1\AppData\Local\Temp\playwright-java-5125436664364232379\package\lib\server\dispatchers\dispatcher.js:325:39)
}
Call log:
-   - waiting for locator("//p[contains(text(),'Invalid username')]")

at com.microsoft.playwright.impl.Connection.dispatch(Connection.java:257)
at com.microsoft.playwright.impl.Connection.processOneMessage(Connection.java:214)
at com.microsoft.playwright.impl.ChannelOwner.runUntil(ChannelOwner.java:136)
... 35 more
]]>
            </full-stacktrace>
          </exception> <!-- com.microsoft.playwright.TimeoutError -->
          <reporter-output>
          </reporter-output>
        </test-method> <!-- validLoginTest -->
        <test-method is-config="true" signature="browserClose()[pri:0, instance:com.kpmg.test.LoginTest@7ef82753]" started-at="2026-04-12T19:35:16 IST" name="browserClose" finished-at="2026-04-12T19:35:19 IST" duration-ms="3208" status="PASS">
          <reporter-output>
          </reporter-output>
        </test-method> <!-- browserClose -->
        <test-method is-config="true" signature="browserDetails()[pri:0, instance:com.kpmg.test.LoginTest@7ef82753]" started-at="2026-04-12T19:35:19 IST" name="browserDetails" finished-at="2026-04-12T19:35:24 IST" duration-ms="4757" status="PASS">
          <reporter-output>
          </reporter-output>
        </test-method> <!-- browserDetails -->
        <test-method signature="validLoginTest(java.lang.String,java.lang.String,java.lang.String,java.lang.String)[pri:0, instance:com.kpmg.test.LoginTest@7ef82753]" started-at="2026-04-12T19:35:24 IST" name="validLoginTest" data-provider="validLoginData" finished-at="2026-04-12T19:35:56 IST" duration-ms="32398" status="FAIL">
          <params>
            <param index="0">
              <value>
                <![CDATA[accountant]]>
              </value>
            </param>
            <param index="1">
              <value>
                <![CDATA[accountant]]>
              </value>
            </param>
            <param index="2">
              <value>
                <![CDATA[18]]>
              </value>
            </param>
            <param index="3">
              <value>
                <![CDATA[Calendar]]>
              </value>
            </param>
          </params>
          <exception class="com.microsoft.playwright.TimeoutError">
            <message>
              <![CDATA[Error {
  message='Timeout 30000ms exceeded.
  name='TimeoutError
  stack='TimeoutError: Timeout 30000ms exceeded.
    at ProgressController.run (C:\Users\ILLAKK~1\AppData\Local\Temp\playwright-java-5125436664364232379\package\lib\server\progress.js:86:28)
    at FrameDispatcher._runCommand (C:\Users\ILLAKK~1\AppData\Local\Temp\playwright-java-5125436664364232379\package\lib\server\dispatchers\dispatcher.js:91:31)
    at DispatcherConnection.dispatch (C:\Users\ILLAKK~1\AppData\Local\Temp\playwright-java-5125436664364232379\package\lib\server\dispatchers\dispatcher.js:325:39)
}
Call log:
-   - waiting for locator("//p[contains(text(),'Invalid username')]")
]]>
            </message>
            <full-stacktrace>
              <![CDATA[com.microsoft.playwright.TimeoutError: Error {
  message='Timeout 30000ms exceeded.
  name='TimeoutError
  stack='TimeoutError: Timeout 30000ms exceeded.
    at ProgressController.run (C:\Users\ILLAKK~1\AppData\Local\Temp\playwright-java-5125436664364232379\package\lib\server\progress.js:86:28)
    at FrameDispatcher._runCommand (C:\Users\ILLAKK~1\AppData\Local\Temp\playwright-java-5125436664364232379\package\lib\server\dispatchers\dispatcher.js:91:31)
    at DispatcherConnection.dispatch (C:\Users\ILLAKK~1\AppData\Local\Temp\playwright-java-5125436664364232379\package\lib\server\dispatchers\dispatcher.js:325:39)
}
Call log:
-   - waiting for locator("//p[contains(text(),'Invalid username')]")

at com.microsoft.playwright.impl.WaitableResult.get(WaitableResult.java:52)
at com.microsoft.playwright.impl.ChannelOwner.runUntil(ChannelOwner.java:138)
at com.microsoft.playwright.impl.Connection.sendMessage(Connection.java:131)
at com.microsoft.playwright.impl.ChannelOwner.sendMessage(ChannelOwner.java:124)
at com.microsoft.playwright.impl.FrameImpl.innerTextImpl(FrameImpl.java:495)
at com.microsoft.playwright.impl.FrameImpl.innerText(FrameImpl.java:486)
at com.microsoft.playwright.impl.LocatorImpl.innerText(LocatorImpl.java:391)
at com.microsoft.playwright.Locator.innerText(Locator.java:3934)
at com.kpmg.test.LoginTest.validLoginTest(LoginTest.java:22)
at java.base/jdk.internal.reflect.NativeMethodAccessorImpl.invoke0(Native Method)
at java.base/jdk.internal.reflect.NativeMethodAccessorImpl.invoke(NativeMethodAccessorImpl.java:62)
at java.base/jdk.internal.reflect.DelegatingMethodAccessorImpl.invoke(DelegatingMethodAccessorImpl.java:43)
at java.base/java.lang.reflect.Method.invoke(Method.java:566)
at org.testng.internal.invokers.MethodInvocationHelper.invokeMethod(MethodInvocationHelper.java:141)
at org.testng.internal.invokers.TestInvoker.invokeMethod(TestInvoker.java:697)
at org.testng.internal.invokers.TestInvoker.invokeTestMethod(TestInvoker.java:230)
at org.testng.internal.invokers.MethodRunner.runInSequence(MethodRunner.java:63)
at org.testng.internal.invokers.TestInvoker$MethodInvocationAgent.invoke(TestInvoker.java:1005)
at org.testng.internal.invokers.TestInvoker.invokeTestMethods(TestInvoker.java:203)
at org.testng.internal.invokers.TestMethodWorker.invokeTestMethods(TestMethodWorker.java:154)
at org.testng.internal.invokers.TestMethodWorker.run(TestMethodWorker.java:134)
at java.base/java.util.ArrayList.forEach(ArrayList.java:1541)
at org.testng.TestRunner.privateRun(TestRunner.java:744)
at org.testng.TestRunner.run(TestRunner.java:616)
at org.testng.SuiteRunner.runTest(SuiteRunner.java:421)
at org.testng.SuiteRunner.runSequentially(SuiteRunner.java:413)
at org.testng.SuiteRunner.privateRun(SuiteRunner.java:373)
at org.testng.SuiteRunner.run(SuiteRunner.java:312)
at org.testng.SuiteRunnerWorker.runSuite(SuiteRunnerWorker.java:52)
at org.testng.SuiteRunnerWorker.run(SuiteRunnerWorker.java:95)
at org.testng.TestNG.runSuitesSequentially(TestNG.java:1274)
at org.testng.TestNG.runSuitesLocally(TestNG.java:1208)
at org.testng.TestNG.runSuites(TestNG.java:1112)
at org.testng.TestNG.run(TestNG.java:1079)
at org.testng.remote.AbstractRemoteTestNG.run(AbstractRemoteTestNG.java:115)
at org.testng.remote.RemoteTestNG.initAndRun(RemoteTestNG.java:293)
at org.testng.remote.RemoteTestNG.main(RemoteTestNG.java:91)
Caused by: com.microsoft.playwright.TimeoutError: Error {
  message='Timeout 30000ms exceeded.
  name='TimeoutError
  stack='TimeoutError: Timeout 30000ms exceeded.
    at ProgressController.run (C:\Users\ILLAKK~1\AppData\Local\Temp\playwright-java-5125436664364232379\package\lib\server\progress.js:86:28)
    at FrameDispatcher._runCommand (C:\Users\ILLAKK~1\AppData\Local\Temp\playwright-java-5125436664364232379\package\lib\server\dispatchers\dispatcher.js:91:31)
    at DispatcherConnection.dispatch (C:\Users\ILLAKK~1\AppData\Local\Temp\playwright-java-5125436664364232379\package\lib\server\dispatchers\dispatcher.js:325:39)
}
Call log:
-   - waiting for locator("//p[contains(text(),'Invalid username')]")

at com.microsoft.playwright.impl.Connection.dispatch(Connection.java:257)
at com.microsoft.playwright.impl.Connection.processOneMessage(Connection.java:214)
at com.microsoft.playwright.impl.ChannelOwner.runUntil(ChannelOwner.java:136)
... 35 more
]]>
            </full-stacktrace>
          </exception> <!-- com.microsoft.playwright.TimeoutError -->
          <reporter-output>
          </reporter-output>
        </test-method> <!-- validLoginTest -->
        <test-method is-config="true" signature="browserClose()[pri:0, instance:com.kpmg.test.LoginTest@7ef82753]" started-at="2026-04-12T19:35:56 IST" name="browserClose" finished-at="2026-04-12T19:36:00 IST" duration-ms="3208" status="PASS">
          <reporter-output>
          </reporter-output>
        </test-method> <!-- browserClose -->
        <test-method is-config="true" signature="browserDetails()[pri:0, instance:com.kpmg.test.LoginTest@7ef82753]" started-at="2026-04-12T19:36:00 IST" name="browserDetails" finished-at="2026-04-12T19:36:12 IST" duration-ms="12121" status="PASS">
          <reporter-output>
          </reporter-output>
        </test-method> <!-- browserDetails -->
        <test-method signature="validLoginTest(java.lang.String,java.lang.String,java.lang.String,java.lang.String)[pri:0, instance:com.kpmg.test.LoginTest@7ef82753]" started-at="2026-04-12T19:36:12 IST" name="validLoginTest" data-provider="validLoginData" finished-at="2026-04-12T19:36:44 IST" duration-ms="32489" status="FAIL">
          <params>
            <param index="0">
              <value>
                <![CDATA[receptionist]]>
              </value>
            </param>
            <param index="1">
              <value>
                <![CDATA[receptionist]]>
              </value>
            </param>
            <param index="2">
              <value>
                <![CDATA[18]]>
              </value>
            </param>
            <param index="3">
              <value>
                <![CDATA[Calendar]]>
              </value>
            </param>
          </params>
          <exception class="com.microsoft.playwright.TimeoutError">
            <message>
              <![CDATA[Error {
  message='Timeout 30000ms exceeded.
  name='TimeoutError
  stack='TimeoutError: Timeout 30000ms exceeded.
    at ProgressController.run (C:\Users\ILLAKK~1\AppData\Local\Temp\playwright-java-5125436664364232379\package\lib\server\progress.js:86:28)
    at FrameDispatcher._runCommand (C:\Users\ILLAKK~1\AppData\Local\Temp\playwright-java-5125436664364232379\package\lib\server\dispatchers\dispatcher.js:91:31)
    at DispatcherConnection.dispatch (C:\Users\ILLAKK~1\AppData\Local\Temp\playwright-java-5125436664364232379\package\lib\server\dispatchers\dispatcher.js:325:39)
}
Call log:
-   - waiting for locator("//p[contains(text(),'Invalid username')]")
]]>
            </message>
            <full-stacktrace>
              <![CDATA[com.microsoft.playwright.TimeoutError: Error {
  message='Timeout 30000ms exceeded.
  name='TimeoutError
  stack='TimeoutError: Timeout 30000ms exceeded.
    at ProgressController.run (C:\Users\ILLAKK~1\AppData\Local\Temp\playwright-java-5125436664364232379\package\lib\server\progress.js:86:28)
    at FrameDispatcher._runCommand (C:\Users\ILLAKK~1\AppData\Local\Temp\playwright-java-5125436664364232379\package\lib\server\dispatchers\dispatcher.js:91:31)
    at DispatcherConnection.dispatch (C:\Users\ILLAKK~1\AppData\Local\Temp\playwright-java-5125436664364232379\package\lib\server\dispatchers\dispatcher.js:325:39)
}
Call log:
-   - waiting for locator("//p[contains(text(),'Invalid username')]")

at com.microsoft.playwright.impl.WaitableResult.get(WaitableResult.java:52)
at com.microsoft.playwright.impl.ChannelOwner.runUntil(ChannelOwner.java:138)
at com.microsoft.playwright.impl.Connection.sendMessage(Connection.java:131)
at com.microsoft.playwright.impl.ChannelOwner.sendMessage(ChannelOwner.java:124)
at com.microsoft.playwright.impl.FrameImpl.innerTextImpl(FrameImpl.java:495)
at com.microsoft.playwright.impl.FrameImpl.innerText(FrameImpl.java:486)
at com.microsoft.playwright.impl.LocatorImpl.innerText(LocatorImpl.java:391)
at com.microsoft.playwright.Locator.innerText(Locator.java:3934)
at com.kpmg.test.LoginTest.validLoginTest(LoginTest.java:22)
at java.base/jdk.internal.reflect.NativeMethodAccessorImpl.invoke0(Native Method)
at java.base/jdk.internal.reflect.NativeMethodAccessorImpl.invoke(NativeMethodAccessorImpl.java:62)
at java.base/jdk.internal.reflect.DelegatingMethodAccessorImpl.invoke(DelegatingMethodAccessorImpl.java:43)
at java.base/java.lang.reflect.Method.invoke(Method.java:566)
at org.testng.internal.invokers.MethodInvocationHelper.invokeMethod(MethodInvocationHelper.java:141)
at org.testng.internal.invokers.TestInvoker.invokeMethod(TestInvoker.java:697)
at org.testng.internal.invokers.TestInvoker.invokeTestMethod(TestInvoker.java:230)
at org.testng.internal.invokers.MethodRunner.runInSequence(MethodRunner.java:63)
at org.testng.internal.invokers.TestInvoker$MethodInvocationAgent.invoke(TestInvoker.java:1005)
at org.testng.internal.invokers.TestInvoker.invokeTestMethods(TestInvoker.java:203)
at org.testng.internal.invokers.TestMethodWorker.invokeTestMethods(TestMethodWorker.java:154)
at org.testng.internal.invokers.TestMethodWorker.run(TestMethodWorker.java:134)
at java.base/java.util.ArrayList.forEach(ArrayList.java:1541)
at org.testng.TestRunner.privateRun(TestRunner.java:744)
at org.testng.TestRunner.run(TestRunner.java:616)
at org.testng.SuiteRunner.runTest(SuiteRunner.java:421)
at org.testng.SuiteRunner.runSequentially(SuiteRunner.java:413)
at org.testng.SuiteRunner.privateRun(SuiteRunner.java:373)
at org.testng.SuiteRunner.run(SuiteRunner.java:312)
at org.testng.SuiteRunnerWorker.runSuite(SuiteRunnerWorker.java:52)
at org.testng.SuiteRunnerWorker.run(SuiteRunnerWorker.java:95)
at org.testng.TestNG.runSuitesSequentially(TestNG.java:1274)
at org.testng.TestNG.runSuitesLocally(TestNG.java:1208)
at org.testng.TestNG.runSuites(TestNG.java:1112)
at org.testng.TestNG.run(TestNG.java:1079)
at org.testng.remote.AbstractRemoteTestNG.run(AbstractRemoteTestNG.java:115)
at org.testng.remote.RemoteTestNG.initAndRun(RemoteTestNG.java:293)
at org.testng.remote.RemoteTestNG.main(RemoteTestNG.java:91)
Caused by: com.microsoft.playwright.TimeoutError: Error {
  message='Timeout 30000ms exceeded.
  name='TimeoutError
  stack='TimeoutError: Timeout 30000ms exceeded.
    at ProgressController.run (C:\Users\ILLAKK~1\AppData\Local\Temp\playwright-java-5125436664364232379\package\lib\server\progress.js:86:28)
    at FrameDispatcher._runCommand (C:\Users\ILLAKK~1\AppData\Local\Temp\playwright-java-5125436664364232379\package\lib\server\dispatchers\dispatcher.js:91:31)
    at DispatcherConnection.dispatch (C:\Users\ILLAKK~1\AppData\Local\Temp\playwright-java-5125436664364232379\package\lib\server\dispatchers\dispatcher.js:325:39)
}
Call log:
-   - waiting for locator("//p[contains(text(),'Invalid username')]")

at com.microsoft.playwright.impl.Connection.dispatch(Connection.java:257)
at com.microsoft.playwright.impl.Connection.processOneMessage(Connection.java:214)
at com.microsoft.playwright.impl.ChannelOwner.runUntil(ChannelOwner.java:136)
... 35 more
]]>
            </full-stacktrace>
          </exception> <!-- com.microsoft.playwright.TimeoutError -->
          <reporter-output>
          </reporter-output>
        </test-method> <!-- validLoginTest -->
        <test-method is-config="true" signature="browserClose()[pri:0, instance:com.kpmg.test.LoginTest@7ef82753]" started-at="2026-04-12T19:36:44 IST" name="browserClose" finished-at="2026-04-12T19:36:48 IST" duration-ms="3237" status="PASS">
          <reporter-output>
          </reporter-output>
        </test-method> <!-- browserClose -->
        <test-method is-config="true" signature="browserDetails()[pri:0, instance:com.kpmg.test.LoginTest@7ef82753]" started-at="2026-04-12T19:36:48 IST" name="browserDetails" finished-at="2026-04-12T19:36:57 IST" duration-ms="8999" status="PASS">
          <reporter-output>
          </reporter-output>
        </test-method> <!-- browserDetails -->
        <test-method signature="validLoginTest(java.lang.String,java.lang.String,java.lang.String,java.lang.String)[pri:0, instance:com.kpmg.test.LoginTest@7ef82753]" started-at="2026-04-12T19:36:57 IST" name="validLoginTest" data-provider="validLoginData" finished-at="2026-04-12T19:37:30 IST" duration-ms="33247" status="FAIL">
          <params>
            <param index="0">
              <value>
                <![CDATA[clinician]]>
              </value>
            </param>
            <param index="1">
              <value>
                <![CDATA[clinician]]>
              </value>
            </param>
            <param index="2">
              <value>
                <![CDATA[18]]>
              </value>
            </param>
            <param index="3">
              <value>
                <![CDATA[Calendar]]>
              </value>
            </param>
          </params>
          <exception class="com.microsoft.playwright.TimeoutError">
            <message>
              <![CDATA[Error {
  message='Timeout 30000ms exceeded.
  name='TimeoutError
  stack='TimeoutError: Timeout 30000ms exceeded.
    at ProgressController.run (C:\Users\ILLAKK~1\AppData\Local\Temp\playwright-java-5125436664364232379\package\lib\server\progress.js:86:28)
    at FrameDispatcher._runCommand (C:\Users\ILLAKK~1\AppData\Local\Temp\playwright-java-5125436664364232379\package\lib\server\dispatchers\dispatcher.js:91:31)
    at DispatcherConnection.dispatch (C:\Users\ILLAKK~1\AppData\Local\Temp\playwright-java-5125436664364232379\package\lib\server\dispatchers\dispatcher.js:325:39)
}
Call log:
-   - waiting for locator("//p[contains(text(),'Invalid username')]")
]]>
            </message>
            <full-stacktrace>
              <![CDATA[com.microsoft.playwright.TimeoutError: Error {
  message='Timeout 30000ms exceeded.
  name='TimeoutError
  stack='TimeoutError: Timeout 30000ms exceeded.
    at ProgressController.run (C:\Users\ILLAKK~1\AppData\Local\Temp\playwright-java-5125436664364232379\package\lib\server\progress.js:86:28)
    at FrameDispatcher._runCommand (C:\Users\ILLAKK~1\AppData\Local\Temp\playwright-java-5125436664364232379\package\lib\server\dispatchers\dispatcher.js:91:31)
    at DispatcherConnection.dispatch (C:\Users\ILLAKK~1\AppData\Local\Temp\playwright-java-5125436664364232379\package\lib\server\dispatchers\dispatcher.js:325:39)
}
Call log:
-   - waiting for locator("//p[contains(text(),'Invalid username')]")

at com.microsoft.playwright.impl.WaitableResult.get(WaitableResult.java:52)
at com.microsoft.playwright.impl.ChannelOwner.runUntil(ChannelOwner.java:138)
at com.microsoft.playwright.impl.Connection.sendMessage(Connection.java:131)
at com.microsoft.playwright.impl.ChannelOwner.sendMessage(ChannelOwner.java:124)
at com.microsoft.playwright.impl.FrameImpl.innerTextImpl(FrameImpl.java:495)
at com.microsoft.playwright.impl.FrameImpl.innerText(FrameImpl.java:486)
at com.microsoft.playwright.impl.LocatorImpl.innerText(LocatorImpl.java:391)
at com.microsoft.playwright.Locator.innerText(Locator.java:3934)
at com.kpmg.test.LoginTest.validLoginTest(LoginTest.java:22)
at java.base/jdk.internal.reflect.NativeMethodAccessorImpl.invoke0(Native Method)
at java.base/jdk.internal.reflect.NativeMethodAccessorImpl.invoke(NativeMethodAccessorImpl.java:62)
at java.base/jdk.internal.reflect.DelegatingMethodAccessorImpl.invoke(DelegatingMethodAccessorImpl.java:43)
at java.base/java.lang.reflect.Method.invoke(Method.java:566)
at org.testng.internal.invokers.MethodInvocationHelper.invokeMethod(MethodInvocationHelper.java:141)
at org.testng.internal.invokers.TestInvoker.invokeMethod(TestInvoker.java:697)
at org.testng.internal.invokers.TestInvoker.invokeTestMethod(TestInvoker.java:230)
at org.testng.internal.invokers.MethodRunner.runInSequence(MethodRunner.java:63)
at org.testng.internal.invokers.TestInvoker$MethodInvocationAgent.invoke(TestInvoker.java:1005)
at org.testng.internal.invokers.TestInvoker.invokeTestMethods(TestInvoker.java:203)
at org.testng.internal.invokers.TestMethodWorker.invokeTestMethods(TestMethodWorker.java:154)
at org.testng.internal.invokers.TestMethodWorker.run(TestMethodWorker.java:134)
at java.base/java.util.ArrayList.forEach(ArrayList.java:1541)
at org.testng.TestRunner.privateRun(TestRunner.java:744)
at org.testng.TestRunner.run(TestRunner.java:616)
at org.testng.SuiteRunner.runTest(SuiteRunner.java:421)
at org.testng.SuiteRunner.runSequentially(SuiteRunner.java:413)
at org.testng.SuiteRunner.privateRun(SuiteRunner.java:373)
at org.testng.SuiteRunner.run(SuiteRunner.java:312)
at org.testng.SuiteRunnerWorker.runSuite(SuiteRunnerWorker.java:52)
at org.testng.SuiteRunnerWorker.run(SuiteRunnerWorker.java:95)
at org.testng.TestNG.runSuitesSequentially(TestNG.java:1274)
at org.testng.TestNG.runSuitesLocally(TestNG.java:1208)
at org.testng.TestNG.runSuites(TestNG.java:1112)
at org.testng.TestNG.run(TestNG.java:1079)
at org.testng.remote.AbstractRemoteTestNG.run(AbstractRemoteTestNG.java:115)
at org.testng.remote.RemoteTestNG.initAndRun(RemoteTestNG.java:293)
at org.testng.remote.RemoteTestNG.main(RemoteTestNG.java:91)
Caused by: com.microsoft.playwright.TimeoutError: Error {
  message='Timeout 30000ms exceeded.
  name='TimeoutError
  stack='TimeoutError: Timeout 30000ms exceeded.
    at ProgressController.run (C:\Users\ILLAKK~1\AppData\Local\Temp\playwright-java-5125436664364232379\package\lib\server\progress.js:86:28)
    at FrameDispatcher._runCommand (C:\Users\ILLAKK~1\AppData\Local\Temp\playwright-java-5125436664364232379\package\lib\server\dispatchers\dispatcher.js:91:31)
    at DispatcherConnection.dispatch (C:\Users\ILLAKK~1\AppData\Local\Temp\playwright-java-5125436664364232379\package\lib\server\dispatchers\dispatcher.js:325:39)
}
Call log:
-   - waiting for locator("//p[contains(text(),'Invalid username')]")

at com.microsoft.playwright.impl.Connection.dispatch(Connection.java:257)
at com.microsoft.playwright.impl.Connection.processOneMessage(Connection.java:214)
at com.microsoft.playwright.impl.ChannelOwner.runUntil(ChannelOwner.java:136)
... 35 more
]]>
            </full-stacktrace>
          </exception> <!-- com.microsoft.playwright.TimeoutError -->
          <reporter-output>
          </reporter-output>
        </test-method> <!-- validLoginTest -->
        <test-method is-config="true" signature="browserClose()[pri:0, instance:com.kpmg.test.LoginTest@7ef82753]" started-at="2026-04-12T19:37:30 IST" name="browserClose" finished-at="2026-04-12T19:37:33 IST" duration-ms="3274" status="PASS">
          <reporter-output>
          </reporter-output>
        </test-method> <!-- browserClose -->
      </class> <!-- com.kpmg.test.LoginTest -->
    </test> <!-- Default test -->
  </suite> <!-- Default suite -->
</testng-results>
