<?xml version="1.0" encoding="UTF-8"?>
<testng-results ignored="1" total="6" passed="5" failed="0" skipped="0">
  <reporter-output>
  </reporter-output>
  <suite started-at="2026-04-23T00:10:03 IST" name="Default suite" finished-at="2026-04-23T00:13:23 IST" duration-ms="199934">
    <groups>
    </groups>
    <test started-at="2026-04-23T00:10:03 IST" name="Default test" finished-at="2026-04-23T00:13:23 IST" duration-ms="199934">
      <class name="com.kpmg.test.LoginTest">
        <test-method is-config="true" signature="browserDetails()[pri:0, instance:com.kpmg.test.LoginTest@7ef82753]" started-at="2026-04-23T00:10:04 IST" name="browserDetails" finished-at="2026-04-23T00:10:48 IST" duration-ms="44104" status="PASS">
          <reporter-output>
          </reporter-output>
        </test-method> <!-- browserDetails -->
        <test-method signature="validLoginTest(java.lang.String,java.lang.String,java.lang.String,java.lang.String)[pri:0, instance:com.kpmg.test.LoginTest@7ef82753]" started-at="2026-04-23T00:10:48 IST" name="validLoginTest" data-provider="commonDataProvider" finished-at="2026-04-23T00:10:58 IST" duration-ms="10207" status="PASS">
          <params>
            <param index="0">
              <value>
                <![CDATA[admin]]>
              </value>
            </param>
            <param index="1">
              <value>
                <![CDATA[pass]]>
              </value>
            </param>
            <param index="2">
              <value>
                <![CDATA[18]]>
              </value>
            </param>
            <param index="3">
              <value>
                <![CDATA[Calendar]]>
              </value>
            </param>
          </params>
          <reporter-output>
          </reporter-output>
        </test-method> <!-- validLoginTest -->
        <test-method is-config="true" signature="browserClose()[pri:0, instance:com.kpmg.test.LoginTest@7ef82753]" started-at="2026-04-23T00:10:58 IST" name="browserClose" finished-at="2026-04-23T00:11:01 IST" duration-ms="3370" status="PASS">
          <reporter-output>
          </reporter-output>
        </test-method> <!-- browserClose -->
        <test-method is-config="true" signature="browserDetails()[pri:0, instance:com.kpmg.test.LoginTest@7ef82753]" started-at="2026-04-23T00:11:01 IST" name="browserDetails" finished-at="2026-04-23T00:11:20 IST" duration-ms="18099" status="PASS">
          <reporter-output>
          </reporter-output>
        </test-method> <!-- browserDetails -->
        <test-method signature="validLoginTest(java.lang.String,java.lang.String,java.lang.String,java.lang.String)[pri:0, instance:com.kpmg.test.LoginTest@7ef82753]" started-at="2026-04-23T00:11:20 IST" name="validLoginTest" data-provider="commonDataProvider" finished-at="2026-04-23T00:11:33 IST" duration-ms="13235" status="PASS">
          <params>
            <param index="0">
              <value>
                <![CDATA[physician]]>
              </value>
            </param>
            <param index="1">
              <value>
                <![CDATA[physician]]>
              </value>
            </param>
            <param index="2">
              <value>
                <![CDATA[18]]>
              </value>
            </param>
            <param index="3">
              <value>
                <![CDATA[Calendar]]>
              </value>
            </param>
          </params>
          <reporter-output>
          </reporter-output>
        </test-method> <!-- validLoginTest -->
        <test-method is-config="true" signature="browserClose()[pri:0, instance:com.kpmg.test.LoginTest@7ef82753]" started-at="2026-04-23T00:11:33 IST" name="browserClose" finished-at="2026-04-23T00:11:37 IST" duration-ms="3698" status="PASS">
          <reporter-output>
          </reporter-output>
        </test-method> <!-- browserClose -->
        <test-method is-config="true" signature="browserDetails()[pri:0, instance:com.kpmg.test.LoginTest@7ef82753]" started-at="2026-04-23T00:11:37 IST" name="browserDetails" finished-at="2026-04-23T00:12:00 IST" duration-ms="23672" status="PASS">
          <reporter-output>
          </reporter-output>
        </test-method> <!-- browserDetails -->
        <test-method signature="validLoginTest(java.lang.String,java.lang.String,java.lang.String,java.lang.String)[pri:0, instance:com.kpmg.test.LoginTest@7ef82753]" started-at="2026-04-23T00:12:00 IST" name="validLoginTest" data-provider="commonDataProvider" finished-at="2026-04-23T00:12:11 IST" duration-ms="11038" status="PASS">
          <params>
            <param index="0">
              <value>
                <![CDATA[accountant]]>
              </value>
            </param>
            <param index="1">
              <value>
                <![CDATA[accountant]]>
              </value>
            </param>
            <param index="2">
              <value>
                <![CDATA[18]]>
              </value>
            </param>
            <param index="3">
              <value>
                <![CDATA[Calendar]]>
              </value>
            </param>
          </params>
          <reporter-output>
          </reporter-output>
        </test-method> <!-- validLoginTest -->
        <test-method is-config="true" signature="browserClose()[pri:0, instance:com.kpmg.test.LoginTest@7ef82753]" started-at="2026-04-23T00:12:11 IST" name="browserClose" finished-at="2026-04-23T00:12:15 IST" duration-ms="3350" status="PASS">
          <reporter-output>
          </reporter-output>
        </test-method> <!-- browserClose -->
        <test-method is-config="true" signature="browserDetails()[pri:0, instance:com.kpmg.test.LoginTest@7ef82753]" started-at="2026-04-23T00:12:15 IST" name="browserDetails" finished-at="2026-04-23T00:12:35 IST" duration-ms="20557" status="PASS">
          <reporter-output>
          </reporter-output>
        </test-method> <!-- browserDetails -->
        <test-method signature="validLoginTest(java.lang.String,java.lang.String,java.lang.String,java.lang.String)[pri:0, instance:com.kpmg.test.LoginTest@7ef82753]" started-at="2026-04-23T00:12:35 IST" name="validLoginTest" data-provider="commonDataProvider" finished-at="2026-04-23T00:12:46 IST" duration-ms="10935" status="PASS">
          <params>
            <param index="0">
              <value>
                <![CDATA[receptionist]]>
              </value>
            </param>
            <param index="1">
              <value>
                <![CDATA[receptionist]]>
              </value>
            </param>
            <param index="2">
              <value>
                <![CDATA[18]]>
              </value>
            </param>
            <param index="3">
              <value>
                <![CDATA[Calendar]]>
              </value>
            </param>
          </params>
          <reporter-output>
          </reporter-output>
        </test-method> <!-- validLoginTest -->
        <test-method is-config="true" signature="browserClose()[pri:0, instance:com.kpmg.test.LoginTest@7ef82753]" started-at="2026-04-23T00:12:46 IST" name="browserClose" finished-at="2026-04-23T00:12:49 IST" duration-ms="3346" status="PASS">
          <reporter-output>
          </reporter-output>
        </test-method> <!-- browserClose -->
        <test-method is-config="true" signature="browserDetails()[pri:0, instance:com.kpmg.test.LoginTest@7ef82753]" started-at="2026-04-23T00:12:49 IST" name="browserDetails" finished-at="2026-04-23T00:13:11 IST" duration-ms="21768" status="PASS">
          <reporter-output>
          </reporter-output>
        </test-method> <!-- browserDetails -->
        <test-method signature="validLoginTest(java.lang.String,java.lang.String,java.lang.String,java.lang.String)[pri:0, instance:com.kpmg.test.LoginTest@7ef82753]" started-at="2026-04-23T00:13:11 IST" name="validLoginTest" data-provider="commonDataProvider" finished-at="2026-04-23T00:13:19 IST" duration-ms="7911" status="PASS">
          <params>
            <param index="0">
              <value>
                <![CDATA[clinician]]>
              </value>
            </param>
            <param index="1">
              <value>
                <![CDATA[clinician]]>
              </value>
            </param>
            <param index="2">
              <value>
                <![CDATA[18]]>
              </value>
            </param>
            <param index="3">
              <value>
                <![CDATA[Calendar]]>
              </value>
            </param>
          </params>
          <reporter-output>
          </reporter-output>
        </test-method> <!-- validLoginTest -->
        <test-method is-config="true" signature="browserClose()[pri:0, instance:com.kpmg.test.LoginTest@7ef82753]" started-at="2026-04-23T00:13:19 IST" name="browserClose" finished-at="2026-04-23T00:13:23 IST" duration-ms="3685" status="PASS">
          <reporter-output>
          </reporter-output>
        </test-method> <!-- browserClose -->
      </class> <!-- com.kpmg.test.LoginTest -->
    </test> <!-- Default test -->
  </suite> <!-- Default suite -->
</testng-results>
