<?xml version="1.0" encoding="UTF-8"?>
<testng-results ignored="0" total="1" passed="0" failed="1" skipped="0">
  <reporter-output>
  </reporter-output>
  <suite started-at="2026-04-18T21:50:59 IST" name="Default suite" finished-at="2026-04-18T21:52:21 IST" duration-ms="81677">
    <groups>
    </groups>
    <test started-at="2026-04-18T21:50:59 IST" name="Default test" finished-at="2026-04-18T21:52:21 IST" duration-ms="81677">
      <class name="com.kpmg.test.PatientTest">
        <test-method is-config="true" signature="browserDetails()[pri:0, instance:com.kpmg.test.PatientTest@3e27ba32]" started-at="2026-04-18T21:51:00 IST" name="browserDetails" finished-at="2026-04-18T21:51:36 IST" duration-ms="36552" status="PASS">
          <reporter-output>
          </reporter-output>
        </test-method> <!-- browserDetails -->
        <test-method signature="addValidPatientTest(java.lang.String,java.lang.String,java.lang.String,java.lang.String,java.lang.String,java.lang.String,java.lang.String,java.lang.String,java.lang.String)[pri:0, instance:com.kpmg.test.PatientTest@3e27ba32]" started-at="2026-04-18T21:51:36 IST" name="addValidPatientTest" data-provider="commonDataProvider" finished-at="2026-04-18T21:52:17 IST" duration-ms="40826" status="FAIL">
          <params>
            <param index="0">
              <value>
                <![CDATA[admin]]>
              </value>
            </param>
            <param index="1">
              <value>
                <![CDATA[pass]]>
              </value>
            </param>
            <param index="2">
              <value>
                <![CDATA[18]]>
              </value>
            </param>
            <param index="3">
              <value>
                <![CDATA[Calendar]]>
              </value>
            </param>
            <param index="4">
              <value>
                <![CDATA[Jack]]>
              </value>
            </param>
            <param index="5">
              <value>
                <![CDATA[Nick]]>
              </value>
            </param>
            <param index="6">
              <value>
                <![CDATA[4/18/26]]>
              </value>
            </param>
            <param index="7">
              <value>
                <![CDATA[Male]]>
              </value>
            </param>
            <param index="8">
              <value>
                <![CDATA[Medical Record Dashboard]]>
              </value>
            </param>
          </params>
          <exception class="com.microsoft.playwright.TimeoutError">
            <message>
              <![CDATA[Error {
  message='Timeout 30000ms exceeded.
  name='TimeoutError
  stack='TimeoutError: Timeout 30000ms exceeded.
    at ProgressController.run (C:\Users\ILLAKK~1\AppData\Local\Temp\playwright-java-1772328029936234167\package\lib\server\progress.js:86:28)
    at FrameDispatcher._runCommand (C:\Users\ILLAKK~1\AppData\Local\Temp\playwright-java-1772328029936234167\package\lib\server\dispatchers\dispatcher.js:91:31)
    at DispatcherConnection.dispatch (C:\Users\ILLAKK~1\AppData\Local\Temp\playwright-java-1772328029936234167\package\lib\server\dispatchers\dispatcher.js:325:39)
}
Call log:
-   - waiting for locator("//iframe[@name='pat']").contentFrame().locator("//input[@placeholder='First Name']")
]]>
            </message>
            <full-stacktrace>
              <![CDATA[com.microsoft.playwright.TimeoutError: Error {
  message='Timeout 30000ms exceeded.
  name='TimeoutError
  stack='TimeoutError: Timeout 30000ms exceeded.
    at ProgressController.run (C:\Users\ILLAKK~1\AppData\Local\Temp\playwright-java-1772328029936234167\package\lib\server\progress.js:86:28)
    at FrameDispatcher._runCommand (C:\Users\ILLAKK~1\AppData\Local\Temp\playwright-java-1772328029936234167\package\lib\server\dispatchers\dispatcher.js:91:31)
    at DispatcherConnection.dispatch (C:\Users\ILLAKK~1\AppData\Local\Temp\playwright-java-1772328029936234167\package\lib\server\dispatchers\dispatcher.js:325:39)
}
Call log:
-   - waiting for locator("//iframe[@name='pat']").contentFrame().locator("//input[@placeholder='First Name']")

at com.microsoft.playwright.impl.WaitableResult.get(WaitableResult.java:52)
at com.microsoft.playwright.impl.ChannelOwner.runUntil(ChannelOwner.java:138)
at com.microsoft.playwright.impl.Connection.sendMessage(Connection.java:131)
at com.microsoft.playwright.impl.ChannelOwner.sendMessage(ChannelOwner.java:124)
at com.microsoft.playwright.impl.FrameImpl.fill(FrameImpl.java:310)
at com.microsoft.playwright.impl.LocatorImpl.fill(LocatorImpl.java:265)
at com.microsoft.playwright.Locator.fill(Locator.java:3164)
at com.kpmg.page.AddPatientPage.enterFirstName(AddPatientPage.java:20)
at com.kpmg.test.PatientTest.addValidPatientTest(PatientTest.java:80)
at java.base/jdk.internal.reflect.NativeMethodAccessorImpl.invoke0(Native Method)
at java.base/jdk.internal.reflect.NativeMethodAccessorImpl.invoke(NativeMethodAccessorImpl.java:62)
at java.base/jdk.internal.reflect.DelegatingMethodAccessorImpl.invoke(DelegatingMethodAccessorImpl.java:43)
at java.base/java.lang.reflect.Method.invoke(Method.java:566)
at org.testng.internal.invokers.MethodInvocationHelper.invokeMethod(MethodInvocationHelper.java:141)
at org.testng.internal.invokers.TestInvoker.invokeMethod(TestInvoker.java:697)
at org.testng.internal.invokers.TestInvoker.invokeTestMethod(TestInvoker.java:230)
at org.testng.internal.invokers.MethodRunner.runInSequence(MethodRunner.java:63)
at org.testng.internal.invokers.TestInvoker$MethodInvocationAgent.invoke(TestInvoker.java:1005)
at org.testng.internal.invokers.TestInvoker.invokeTestMethods(TestInvoker.java:203)
at org.testng.internal.invokers.TestMethodWorker.invokeTestMethods(TestMethodWorker.java:154)
at org.testng.internal.invokers.TestMethodWorker.run(TestMethodWorker.java:134)
at java.base/java.util.ArrayList.forEach(ArrayList.java:1541)
at org.testng.TestRunner.privateRun(TestRunner.java:744)
at org.testng.TestRunner.run(TestRunner.java:616)
at org.testng.SuiteRunner.runTest(SuiteRunner.java:421)
at org.testng.SuiteRunner.runSequentially(SuiteRunner.java:413)
at org.testng.SuiteRunner.privateRun(SuiteRunner.java:373)
at org.testng.SuiteRunner.run(SuiteRunner.java:312)
at org.testng.SuiteRunnerWorker.runSuite(SuiteRunnerWorker.java:52)
at org.testng.SuiteRunnerWorker.run(SuiteRunnerWorker.java:95)
at org.testng.TestNG.runSuitesSequentially(TestNG.java:1274)
at org.testng.TestNG.runSuitesLocally(TestNG.java:1208)
at org.testng.TestNG.runSuites(TestNG.java:1112)
at org.testng.TestNG.run(TestNG.java:1079)
at org.testng.remote.AbstractRemoteTestNG.run(AbstractRemoteTestNG.java:115)
at org.testng.remote.RemoteTestNG.initAndRun(RemoteTestNG.java:293)
at org.testng.remote.RemoteTestNG.main(RemoteTestNG.java:91)
Caused by: com.microsoft.playwright.TimeoutError: Error {
  message='Timeout 30000ms exceeded.
  name='TimeoutError
  stack='TimeoutError: Timeout 30000ms exceeded.
    at ProgressController.run (C:\Users\ILLAKK~1\AppData\Local\Temp\playwright-java-1772328029936234167\package\lib\server\progress.js:86:28)
    at FrameDispatcher._runCommand (C:\Users\ILLAKK~1\AppData\Local\Temp\playwright-java-1772328029936234167\package\lib\server\dispatchers\dispatcher.js:91:31)
    at DispatcherConnection.dispatch (C:\Users\ILLAKK~1\AppData\Local\Temp\playwright-java-1772328029936234167\package\lib\server\dispatchers\dispatcher.js:325:39)
}
Call log:
-   - waiting for locator("//iframe[@name='pat']").contentFrame().locator("//input[@placeholder='First Name']")

at com.microsoft.playwright.impl.Connection.dispatch(Connection.java:257)
at com.microsoft.playwright.impl.Connection.processOneMessage(Connection.java:214)
at com.microsoft.playwright.impl.ChannelOwner.runUntil(ChannelOwner.java:136)
... 35 more
]]>
            </full-stacktrace>
          </exception> <!-- com.microsoft.playwright.TimeoutError -->
          <reporter-output>
          </reporter-output>
        </test-method> <!-- addValidPatientTest -->
        <test-method is-config="true" signature="browserClose()[pri:0, instance:com.kpmg.test.PatientTest@3e27ba32]" started-at="2026-04-18T21:52:17 IST" name="browserClose" finished-at="2026-04-18T21:52:21 IST" duration-ms="3559" status="PASS">
          <reporter-output>
          </reporter-output>
        </test-method> <!-- browserClose -->
      </class> <!-- com.kpmg.test.PatientTest -->
    </test> <!-- Default test -->
  </suite> <!-- Default suite -->
</testng-results>
