<?xml version="1.0" encoding="UTF-8"?>
<testng-results ignored="0" total="2" passed="2" failed="0" skipped="0">
  <reporter-output>
  </reporter-output>
  <suite started-at="2026-04-06T19:47:54 IST" name="Default suite" finished-at="2026-04-06T19:48:21 IST" duration-ms="26631">
    <groups>
    </groups>
    <test started-at="2026-04-06T19:47:54 IST" name="Default test" finished-at="2026-04-06T19:48:21 IST" duration-ms="26631">
      <class name="com.kpmg.test.LoginTest">
        <test-method is-config="true" signature="browserDetails()[pri:0, instance:com.kpmg.test.LoginTest@53fe15ff]" started-at="2026-04-06T19:47:54 IST" name="browserDetails" finished-at="2026-04-06T19:48:03 IST" duration-ms="8869" status="PASS">
          <reporter-output>
          </reporter-output>
        </test-method> <!-- browserDetails -->
        <test-method signature="getTitle_T01()[pri:1, instance:com.kpmg.test.LoginTest@53fe15ff]" started-at="2026-04-06T19:48:03 IST" name="getTitle_T01" finished-at="2026-04-06T19:48:03 IST" duration-ms="19" status="PASS">
          <reporter-output>
          </reporter-output>
        </test-method> <!-- getTitle_T01 -->
        <test-method is-config="true" signature="browserClose()[pri:0, instance:com.kpmg.test.LoginTest@53fe15ff]" started-at="2026-04-06T19:48:03 IST" name="browserClose" finished-at="2026-04-06T19:48:10 IST" duration-ms="6303" status="PASS">
          <reporter-output>
          </reporter-output>
        </test-method> <!-- browserClose -->
        <test-method is-config="true" signature="browserDetails()[pri:0, instance:com.kpmg.test.LoginTest@53fe15ff]" started-at="2026-04-06T19:48:10 IST" name="browserDetails" finished-at="2026-04-06T19:48:15 IST" duration-ms="5057" status="PASS">
          <reporter-output>
          </reporter-output>
        </test-method> <!-- browserDetails -->
        <test-method signature="getCenterText_T02()[pri:2, instance:com.kpmg.test.LoginTest@53fe15ff]" started-at="2026-04-06T19:48:15 IST" name="getCenterText_T02" finished-at="2026-04-06T19:48:15 IST" duration-ms="37" status="PASS">
          <reporter-output>
          </reporter-output>
        </test-method> <!-- getCenterText_T02 -->
        <test-method is-config="true" signature="browserClose()[pri:0, instance:com.kpmg.test.LoginTest@53fe15ff]" started-at="2026-04-06T19:48:15 IST" name="browserClose" finished-at="2026-04-06T19:48:21 IST" duration-ms="6280" status="PASS">
          <reporter-output>
          </reporter-output>
        </test-method> <!-- browserClose -->
      </class> <!-- com.kpmg.test.LoginTest -->
    </test> <!-- Default test -->
  </suite> <!-- Default suite -->
</testng-results>
