<?xml version="1.0" encoding="UTF-8"?>
<testng-results ignored="0" total="1" passed="0" failed="1" skipped="0">
  <reporter-output>
  </reporter-output>
  <suite started-at="2026-04-17T00:42:01 IST" name="Default suite" finished-at="2026-04-17T00:43:06 IST" duration-ms="64850">
    <groups>
    </groups>
    <test started-at="2026-04-17T00:42:01 IST" name="Default test" finished-at="2026-04-17T00:43:06 IST" duration-ms="64850">
      <class name="com.kpmg.test.PatientTest">
        <test-method is-config="true" signature="browserDetails()[pri:0, instance:com.kpmg.test.PatientTest@3e27ba32]" started-at="2026-04-17T00:42:02 IST" name="browserDetails" finished-at="2026-04-17T00:42:24 IST" duration-ms="22472" status="PASS">
          <reporter-output>
          </reporter-output>
        </test-method> <!-- browserDetails -->
        <test-method signature="addValidPatientTest()[pri:0, instance:com.kpmg.test.PatientTest@3e27ba32]" started-at="2026-04-17T00:42:24 IST" name="addValidPatientTest" finished-at="2026-04-17T00:43:03 IST" duration-ms="38699" status="FAIL">
          <exception class="com.microsoft.playwright.TimeoutError">
            <message>
              <![CDATA[Error {
  message='Timeout 30000ms exceeded.
  name='TimeoutError
  stack='TimeoutError: Timeout 30000ms exceeded.
    at ProgressController.run (C:\Users\ILLAKK~1\AppData\Local\Temp\playwright-java-10257508637000905066\package\lib\server\progress.js:86:28)
    at FrameDispatcher._runCommand (C:\Users\ILLAKK~1\AppData\Local\Temp\playwright-java-10257508637000905066\package\lib\server\dispatchers\dispatcher.js:91:31)
    at DispatcherConnection.dispatch (C:\Users\ILLAKK~1\AppData\Local\Temp\playwright-java-10257508637000905066\package\lib\server\dispatchers\dispatcher.js:325:39)
}
Call log:
-   - waiting for locator("//div[text()='Patient']")
-     - locator resolved to <div role="button" aria-haspopup="true" aria-expanded="false" data-bind="text:label" data-toggle="dropdown" class="menuLabel px-1 dropdown-toggle oe-dropdown-toggle">Patient</div>
-   - attempting hover action
-     2 × waiting for element to be visible and stable
-       - element is visible and stable
-       - scrolling into view if needed
-       - done scrolling
-       - <div class="modal-header">OpenEMR Product Registration</div> from <div role="dialog" aria-modal="true" class="product-registration-modal modal fade show">…</div> subtree intercepts pointer events
-     - retrying hover action
-     - waiting 20ms
-     2 × waiting for element to be visible and stable
-       - element is visible and stable
-       - scrolling into view if needed
-       - done scrolling
-       - <div class="modal-header">OpenEMR Product Registration</div> from <div role="dialog" aria-modal="true" class="product-registration-modal modal fade show">…</div> subtree intercepts pointer events
-     - retrying hover action
-       - waiting 100ms
-     55 × waiting for element to be visible and stable
-        - element is visible and stable
-        - scrolling into view if needed
-        - done scrolling
-        - <div class="modal-header">OpenEMR Product Registration</div> from <div role="dialog" aria-modal="true" class="product-registration-modal modal fade show">…</div> subtree intercepts pointer events
-      - retrying hover action
-        - waiting 500ms
]]>
            </message>
            <full-stacktrace>
              <![CDATA[com.microsoft.playwright.TimeoutError: Error {
  message='Timeout 30000ms exceeded.
  name='TimeoutError
  stack='TimeoutError: Timeout 30000ms exceeded.
    at ProgressController.run (C:\Users\ILLAKK~1\AppData\Local\Temp\playwright-java-10257508637000905066\package\lib\server\progress.js:86:28)
    at FrameDispatcher._runCommand (C:\Users\ILLAKK~1\AppData\Local\Temp\playwright-java-10257508637000905066\package\lib\server\dispatchers\dispatcher.js:91:31)
    at DispatcherConnection.dispatch (C:\Users\ILLAKK~1\AppData\Local\Temp\playwright-java-10257508637000905066\package\lib\server\dispatchers\dispatcher.js:325:39)
}
Call log:
-   - waiting for locator("//div[text()='Patient']")
-     - locator resolved to <div role="button" aria-haspopup="true" aria-expanded="false" data-bind="text:label" data-toggle="dropdown" class="menuLabel px-1 dropdown-toggle oe-dropdown-toggle">Patient</div>
-   - attempting hover action
-     2 × waiting for element to be visible and stable
-       - element is visible and stable
-       - scrolling into view if needed
-       - done scrolling
-       - <div class="modal-header">OpenEMR Product Registration</div> from <div role="dialog" aria-modal="true" class="product-registration-modal modal fade show">…</div> subtree intercepts pointer events
-     - retrying hover action
-     - waiting 20ms
-     2 × waiting for element to be visible and stable
-       - element is visible and stable
-       - scrolling into view if needed
-       - done scrolling
-       - <div class="modal-header">OpenEMR Product Registration</div> from <div role="dialog" aria-modal="true" class="product-registration-modal modal fade show">…</div> subtree intercepts pointer events
-     - retrying hover action
-       - waiting 100ms
-     55 × waiting for element to be visible and stable
-        - element is visible and stable
-        - scrolling into view if needed
-        - done scrolling
-        - <div class="modal-header">OpenEMR Product Registration</div> from <div role="dialog" aria-modal="true" class="product-registration-modal modal fade show">…</div> subtree intercepts pointer events
-      - retrying hover action
-        - waiting 500ms

at com.microsoft.playwright.impl.WaitableResult.get(WaitableResult.java:52)
at com.microsoft.playwright.impl.ChannelOwner.runUntil(ChannelOwner.java:138)
at com.microsoft.playwright.impl.Connection.sendMessage(Connection.java:131)
at com.microsoft.playwright.impl.ChannelOwner.sendMessage(ChannelOwner.java:124)
at com.microsoft.playwright.impl.FrameImpl.hoverImpl(FrameImpl.java:448)
at com.microsoft.playwright.impl.FrameImpl.hover(FrameImpl.java:439)
at com.microsoft.playwright.impl.LocatorImpl.hover(LocatorImpl.java:375)
at com.microsoft.playwright.Locator.hover(Locator.java:3880)
at com.kpmg.test.PatientTest.addValidPatientTest(PatientTest.java:40)
at java.base/jdk.internal.reflect.NativeMethodAccessorImpl.invoke0(Native Method)
at java.base/jdk.internal.reflect.NativeMethodAccessorImpl.invoke(NativeMethodAccessorImpl.java:62)
at java.base/jdk.internal.reflect.DelegatingMethodAccessorImpl.invoke(DelegatingMethodAccessorImpl.java:43)
at java.base/java.lang.reflect.Method.invoke(Method.java:566)
at org.testng.internal.invokers.MethodInvocationHelper.invokeMethod(MethodInvocationHelper.java:141)
at org.testng.internal.invokers.TestInvoker.invokeMethod(TestInvoker.java:697)
at org.testng.internal.invokers.TestInvoker.invokeTestMethod(TestInvoker.java:230)
at org.testng.internal.invokers.MethodRunner.runInSequence(MethodRunner.java:63)
at org.testng.internal.invokers.TestInvoker$MethodInvocationAgent.invoke(TestInvoker.java:1005)
at org.testng.internal.invokers.TestInvoker.invokeTestMethods(TestInvoker.java:203)
at org.testng.internal.invokers.TestMethodWorker.invokeTestMethods(TestMethodWorker.java:154)
at org.testng.internal.invokers.TestMethodWorker.run(TestMethodWorker.java:134)
at java.base/java.util.ArrayList.forEach(ArrayList.java:1541)
at org.testng.TestRunner.privateRun(TestRunner.java:744)
at org.testng.TestRunner.run(TestRunner.java:616)
at org.testng.SuiteRunner.runTest(SuiteRunner.java:421)
at org.testng.SuiteRunner.runSequentially(SuiteRunner.java:413)
at org.testng.SuiteRunner.privateRun(SuiteRunner.java:373)
at org.testng.SuiteRunner.run(SuiteRunner.java:312)
at org.testng.SuiteRunnerWorker.runSuite(SuiteRunnerWorker.java:52)
at org.testng.SuiteRunnerWorker.run(SuiteRunnerWorker.java:95)
at org.testng.TestNG.runSuitesSequentially(TestNG.java:1274)
at org.testng.TestNG.runSuitesLocally(TestNG.java:1208)
at org.testng.TestNG.runSuites(TestNG.java:1112)
at org.testng.TestNG.run(TestNG.java:1079)
at org.testng.remote.AbstractRemoteTestNG.run(AbstractRemoteTestNG.java:115)
at org.testng.remote.RemoteTestNG.initAndRun(RemoteTestNG.java:293)
at org.testng.remote.RemoteTestNG.main(RemoteTestNG.java:91)
Caused by: com.microsoft.playwright.TimeoutError: Error {
  message='Timeout 30000ms exceeded.
  name='TimeoutError
  stack='TimeoutError: Timeout 30000ms exceeded.
    at ProgressController.run (C:\Users\ILLAKK~1\AppData\Local\Temp\playwright-java-10257508637000905066\package\lib\server\progress.js:86:28)
    at FrameDispatcher._runCommand (C:\Users\ILLAKK~1\AppData\Local\Temp\playwright-java-10257508637000905066\package\lib\server\dispatchers\dispatcher.js:91:31)
    at DispatcherConnection.dispatch (C:\Users\ILLAKK~1\AppData\Local\Temp\playwright-java-10257508637000905066\package\lib\server\dispatchers\dispatcher.js:325:39)
}
Call log:
-   - waiting for locator("//div[text()='Patient']")
-     - locator resolved to <div role="button" aria-haspopup="true" aria-expanded="false" data-bind="text:label" data-toggle="dropdown" class="menuLabel px-1 dropdown-toggle oe-dropdown-toggle">Patient</div>
-   - attempting hover action
-     2 × waiting for element to be visible and stable
-       - element is visible and stable
-       - scrolling into view if needed
-       - done scrolling
-       - <div class="modal-header">OpenEMR Product Registration</div> from <div role="dialog" aria-modal="true" class="product-registration-modal modal fade show">…</div> subtree intercepts pointer events
-     - retrying hover action
-     - waiting 20ms
-     2 × waiting for element to be visible and stable
-       - element is visible and stable
-       - scrolling into view if needed
-       - done scrolling
-       - <div class="modal-header">OpenEMR Product Registration</div> from <div role="dialog" aria-modal="true" class="product-registration-modal modal fade show">…</div> subtree intercepts pointer events
-     - retrying hover action
-       - waiting 100ms
-     55 × waiting for element to be visible and stable
-        - element is visible and stable
-        - scrolling into view if needed
-        - done scrolling
-        - <div class="modal-header">OpenEMR Product Registration</div> from <div role="dialog" aria-modal="true" class="product-registration-modal modal fade show">…</div> subtree intercepts pointer events
-      - retrying hover action
-        - waiting 500ms

at com.microsoft.playwright.impl.Connection.dispatch(Connection.java:257)
at com.microsoft.playwright.impl.Connection.processOneMessage(Connection.java:214)
at com.microsoft.playwright.impl.ChannelOwner.runUntil(ChannelOwner.java:136)
... 35 more
]]>
            </full-stacktrace>
          </exception> <!-- com.microsoft.playwright.TimeoutError -->
          <reporter-output>
          </reporter-output>
        </test-method> <!-- addValidPatientTest -->
        <test-method is-config="true" signature="browserClose()[pri:0, instance:com.kpmg.test.PatientTest@3e27ba32]" started-at="2026-04-17T00:43:03 IST" name="browserClose" finished-at="2026-04-17T00:43:06 IST" duration-ms="3550" status="PASS">
          <reporter-output>
          </reporter-output>
        </test-method> <!-- browserClose -->
      </class> <!-- com.kpmg.test.PatientTest -->
    </test> <!-- Default test -->
  </suite> <!-- Default suite -->
</testng-results>
