<?xml version="1.0" encoding="UTF-8"?>
<!-- Generated by org.testng.reporters.JUnitReportReporter -->
<testsuite hostname="LAPTOP-PIH325AL" failures="0" tests="6" name="com.kpmg.test.LoginTest" time="182.969" errors="0" timestamp="2026-04-18T21:21:29 IST" skipped="0">
  <testcase classname="com.kpmg.test.LoginTest" name="invalidLoginTest" time="29.606"/>
  <testcase classname="com.kpmg.test.LoginTest" name="invalidLoginTest" time="28.162"/>
  <testcase classname="com.kpmg.test.LoginTest" name="invalidLoginTest" time="31.784"/>
  <testcase classname="com.kpmg.test.LoginTest" name="invalidLoginTest" time="35.569"/>
  <testcase classname="com.kpmg.test.LoginTest" name="invalidLoginTest" time="22.636"/>
  <testcase classname="com.kpmg.test.LoginTest" name="invalidLoginTest" time="35.212"/>
</testsuite> <!-- com.kpmg.test.LoginTest -->
