<?xml version="1.0" encoding="UTF-8"?>
<!-- Generated by org.testng.reporters.JUnitReportReporter -->
<testsuite hostname="LAPTOP-PIH325AL" failures="0" tests="5" name="com.kpmg.test.LoginTest" time="220.282" errors="5" timestamp="2026-04-12T19:37:33 IST" skipped="0">
  <testcase classname="com.kpmg.test.LoginTest" name="validLoginTest" time="40.363">
    <error message="Error {
  message=&#039;Timeout 30000ms exceeded.
  name=&#039;TimeoutError
  stack=&#039;TimeoutError: Timeout 30000ms exceeded.
    at ProgressController.run (C:\Users\ILLAKK~1\AppData\Local\Temp\playwright-java-5125436664364232379\package\lib\server\progress.js:86:28)
    at FrameDispatcher._runCommand (C:\Users\ILLAKK~1\AppData\Local\Temp\playwright-java-5125436664364232379\package\lib\server\dispatchers\dispatcher.js:91:31)
    at DispatcherConnection.dispatch (C:\Users\ILLAKK~1\AppData\Local\Temp\playwright-java-5125436664364232379\package\lib\server\dispatchers\dispatcher.js:325:39)
}
Call log:
-   - waiting for locator(&quot;//p[contains(text(),&#039;Invalid username&#039;)]&quot;)
" type="com.microsoft.playwright.TimeoutError">
      <![CDATA[com.microsoft.playwright.TimeoutError: Error {
  message='Timeout 30000ms exceeded.
  name='TimeoutError
  stack='TimeoutError: Timeout 30000ms exceeded.
    at ProgressController.run (C:\Users\ILLAKK~1\AppData\Local\Temp\playwright-java-5125436664364232379\package\lib\server\progress.js:86:28)
    at FrameDispatcher._runCommand (C:\Users\ILLAKK~1\AppData\Local\Temp\playwright-java-5125436664364232379\package\lib\server\dispatchers\dispatcher.js:91:31)
    at DispatcherConnection.dispatch (C:\Users\ILLAKK~1\AppData\Local\Temp\playwright-java-5125436664364232379\package\lib\server\dispatchers\dispatcher.js:325:39)
}
Call log:
-   - waiting for locator("//p[contains(text(),'Invalid username')]")

at com.microsoft.playwright.impl.WaitableResult.get(WaitableResult.java:52)
at com.microsoft.playwright.impl.ChannelOwner.runUntil(ChannelOwner.java:138)
at com.microsoft.playwright.impl.Connection.sendMessage(Connection.java:131)
at com.microsoft.playwright.impl.ChannelOwner.sendMessage(ChannelOwner.java:124)
at com.microsoft.playwright.impl.FrameImpl.innerTextImpl(FrameImpl.java:495)
at com.microsoft.playwright.impl.FrameImpl.innerText(FrameImpl.java:486)
at com.microsoft.playwright.impl.LocatorImpl.innerText(LocatorImpl.java:391)
at com.microsoft.playwright.Locator.innerText(Locator.java:3934)
at com.kpmg.test.LoginTest.validLoginTest(LoginTest.java:22)
at java.base/jdk.internal.reflect.NativeMethodAccessorImpl.invoke0(Native Method)
at java.base/jdk.internal.reflect.NativeMethodAccessorImpl.invoke(NativeMethodAccessorImpl.java:62)
at java.base/jdk.internal.reflect.DelegatingMethodAccessorImpl.invoke(DelegatingMethodAccessorImpl.java:43)
at java.base/java.lang.reflect.Method.invoke(Method.java:566)
at org.testng.internal.invokers.MethodInvocationHelper.invokeMethod(MethodInvocationHelper.java:141)
at org.testng.internal.invokers.TestInvoker.invokeMethod(TestInvoker.java:697)
at org.testng.internal.invokers.TestInvoker.invokeTestMethod(TestInvoker.java:230)
at org.testng.internal.invokers.MethodRunner.runInSequence(MethodRunner.java:63)
at org.testng.internal.invokers.TestInvoker$MethodInvocationAgent.invoke(TestInvoker.java:1005)
at org.testng.internal.invokers.TestInvoker.invokeTestMethods(TestInvoker.java:203)
at org.testng.internal.invokers.TestMethodWorker.invokeTestMethods(TestMethodWorker.java:154)
at org.testng.internal.invokers.TestMethodWorker.run(TestMethodWorker.java:134)
at java.base/java.util.ArrayList.forEach(ArrayList.java:1541)
at org.testng.TestRunner.privateRun(TestRunner.java:744)
at org.testng.TestRunner.run(TestRunner.java:616)
at org.testng.SuiteRunner.runTest(SuiteRunner.java:421)
at org.testng.SuiteRunner.runSequentially(SuiteRunner.java:413)
at org.testng.SuiteRunner.privateRun(SuiteRunner.java:373)
at org.testng.SuiteRunner.run(SuiteRunner.java:312)
at org.testng.SuiteRunnerWorker.runSuite(SuiteRunnerWorker.java:52)
at org.testng.SuiteRunnerWorker.run(SuiteRunnerWorker.java:95)
at org.testng.TestNG.runSuitesSequentially(TestNG.java:1274)
at org.testng.TestNG.runSuitesLocally(TestNG.java:1208)
at org.testng.TestNG.runSuites(TestNG.java:1112)
at org.testng.TestNG.run(TestNG.java:1079)
at org.testng.remote.AbstractRemoteTestNG.run(AbstractRemoteTestNG.java:115)
at org.testng.remote.RemoteTestNG.initAndRun(RemoteTestNG.java:293)
at org.testng.remote.RemoteTestNG.main(RemoteTestNG.java:91)
Caused by: com.microsoft.playwright.TimeoutError: Error {
  message='Timeout 30000ms exceeded.
  name='TimeoutError
  stack='TimeoutError: Timeout 30000ms exceeded.
    at ProgressController.run (C:\Users\ILLAKK~1\AppData\Local\Temp\playwright-java-5125436664364232379\package\lib\server\progress.js:86:28)
    at FrameDispatcher._runCommand (C:\Users\ILLAKK~1\AppData\Local\Temp\playwright-java-5125436664364232379\package\lib\server\dispatchers\dispatcher.js:91:31)
    at DispatcherConnection.dispatch (C:\Users\ILLAKK~1\AppData\Local\Temp\playwright-java-5125436664364232379\package\lib\server\dispatchers\dispatcher.js:325:39)
}
Call log:
-   - waiting for locator("//p[contains(text(),'Invalid username')]")

at com.microsoft.playwright.impl.Connection.dispatch(Connection.java:257)
at com.microsoft.playwright.impl.Connection.processOneMessage(Connection.java:214)
at com.microsoft.playwright.impl.ChannelOwner.runUntil(ChannelOwner.java:136)
... 35 more
]]>
    </error>
  </testcase> <!-- validLoginTest -->
  <testcase classname="com.kpmg.test.LoginTest" name="validLoginTest" time="41.253">
    <error message="Error {
  message=&#039;Timeout 30000ms exceeded.
  name=&#039;TimeoutError
  stack=&#039;TimeoutError: Timeout 30000ms exceeded.
    at ProgressController.run (C:\Users\ILLAKK~1\AppData\Local\Temp\playwright-java-5125436664364232379\package\lib\server\progress.js:86:28)
    at FrameDispatcher._runCommand (C:\Users\ILLAKK~1\AppData\Local\Temp\playwright-java-5125436664364232379\package\lib\server\dispatchers\dispatcher.js:91:31)
    at DispatcherConnection.dispatch (C:\Users\ILLAKK~1\AppData\Local\Temp\playwright-java-5125436664364232379\package\lib\server\dispatchers\dispatcher.js:325:39)
}
Call log:
-   - waiting for locator(&quot;//p[contains(text(),&#039;Invalid username&#039;)]&quot;)
" type="com.microsoft.playwright.TimeoutError">
      <![CDATA[com.microsoft.playwright.TimeoutError: Error {
  message='Timeout 30000ms exceeded.
  name='TimeoutError
  stack='TimeoutError: Timeout 30000ms exceeded.
    at ProgressController.run (C:\Users\ILLAKK~1\AppData\Local\Temp\playwright-java-5125436664364232379\package\lib\server\progress.js:86:28)
    at FrameDispatcher._runCommand (C:\Users\ILLAKK~1\AppData\Local\Temp\playwright-java-5125436664364232379\package\lib\server\dispatchers\dispatcher.js:91:31)
    at DispatcherConnection.dispatch (C:\Users\ILLAKK~1\AppData\Local\Temp\playwright-java-5125436664364232379\package\lib\server\dispatchers\dispatcher.js:325:39)
}
Call log:
-   - waiting for locator("//p[contains(text(),'Invalid username')]")

at com.microsoft.playwright.impl.WaitableResult.get(WaitableResult.java:52)
at com.microsoft.playwright.impl.ChannelOwner.runUntil(ChannelOwner.java:138)
at com.microsoft.playwright.impl.Connection.sendMessage(Connection.java:131)
at com.microsoft.playwright.impl.ChannelOwner.sendMessage(ChannelOwner.java:124)
at com.microsoft.playwright.impl.FrameImpl.innerTextImpl(FrameImpl.java:495)
at com.microsoft.playwright.impl.FrameImpl.innerText(FrameImpl.java:486)
at com.microsoft.playwright.impl.LocatorImpl.innerText(LocatorImpl.java:391)
at com.microsoft.playwright.Locator.innerText(Locator.java:3934)
at com.kpmg.test.LoginTest.validLoginTest(LoginTest.java:22)
at java.base/jdk.internal.reflect.NativeMethodAccessorImpl.invoke0(Native Method)
at java.base/jdk.internal.reflect.NativeMethodAccessorImpl.invoke(NativeMethodAccessorImpl.java:62)
at java.base/jdk.internal.reflect.DelegatingMethodAccessorImpl.invoke(DelegatingMethodAccessorImpl.java:43)
at java.base/java.lang.reflect.Method.invoke(Method.java:566)
at org.testng.internal.invokers.MethodInvocationHelper.invokeMethod(MethodInvocationHelper.java:141)
at org.testng.internal.invokers.TestInvoker.invokeMethod(TestInvoker.java:697)
at org.testng.internal.invokers.TestInvoker.invokeTestMethod(TestInvoker.java:230)
at org.testng.internal.invokers.MethodRunner.runInSequence(MethodRunner.java:63)
at org.testng.internal.invokers.TestInvoker$MethodInvocationAgent.invoke(TestInvoker.java:1005)
at org.testng.internal.invokers.TestInvoker.invokeTestMethods(TestInvoker.java:203)
at org.testng.internal.invokers.TestMethodWorker.invokeTestMethods(TestMethodWorker.java:154)
at org.testng.internal.invokers.TestMethodWorker.run(TestMethodWorker.java:134)
at java.base/java.util.ArrayList.forEach(ArrayList.java:1541)
at org.testng.TestRunner.privateRun(TestRunner.java:744)
at org.testng.TestRunner.run(TestRunner.java:616)
at org.testng.SuiteRunner.runTest(SuiteRunner.java:421)
at org.testng.SuiteRunner.runSequentially(SuiteRunner.java:413)
at org.testng.SuiteRunner.privateRun(SuiteRunner.java:373)
at org.testng.SuiteRunner.run(SuiteRunner.java:312)
at org.testng.SuiteRunnerWorker.runSuite(SuiteRunnerWorker.java:52)
at org.testng.SuiteRunnerWorker.run(SuiteRunnerWorker.java:95)
at org.testng.TestNG.runSuitesSequentially(TestNG.java:1274)
at org.testng.TestNG.runSuitesLocally(TestNG.java:1208)
at org.testng.TestNG.runSuites(TestNG.java:1112)
at org.testng.TestNG.run(TestNG.java:1079)
at org.testng.remote.AbstractRemoteTestNG.run(AbstractRemoteTestNG.java:115)
at org.testng.remote.RemoteTestNG.initAndRun(RemoteTestNG.java:293)
at org.testng.remote.RemoteTestNG.main(RemoteTestNG.java:91)
Caused by: com.microsoft.playwright.TimeoutError: Error {
  message='Timeout 30000ms exceeded.
  name='TimeoutError
  stack='TimeoutError: Timeout 30000ms exceeded.
    at ProgressController.run (C:\Users\ILLAKK~1\AppData\Local\Temp\playwright-java-5125436664364232379\package\lib\server\progress.js:86:28)
    at FrameDispatcher._runCommand (C:\Users\ILLAKK~1\AppData\Local\Temp\playwright-java-5125436664364232379\package\lib\server\dispatchers\dispatcher.js:91:31)
    at DispatcherConnection.dispatch (C:\Users\ILLAKK~1\AppData\Local\Temp\playwright-java-5125436664364232379\package\lib\server\dispatchers\dispatcher.js:325:39)
}
Call log:
-   - waiting for locator("//p[contains(text(),'Invalid username')]")

at com.microsoft.playwright.impl.Connection.dispatch(Connection.java:257)
at com.microsoft.playwright.impl.Connection.processOneMessage(Connection.java:214)
at com.microsoft.playwright.impl.ChannelOwner.runUntil(ChannelOwner.java:136)
... 35 more
]]>
    </error>
  </testcase> <!-- validLoginTest -->
  <testcase classname="com.kpmg.test.LoginTest" name="validLoginTest" time="47.884">
    <error message="Error {
  message=&#039;Timeout 30000ms exceeded.
  name=&#039;TimeoutError
  stack=&#039;TimeoutError: Timeout 30000ms exceeded.
    at ProgressController.run (C:\Users\ILLAKK~1\AppData\Local\Temp\playwright-java-5125436664364232379\package\lib\server\progress.js:86:28)
    at FrameDispatcher._runCommand (C:\Users\ILLAKK~1\AppData\Local\Temp\playwright-java-5125436664364232379\package\lib\server\dispatchers\dispatcher.js:91:31)
    at DispatcherConnection.dispatch (C:\Users\ILLAKK~1\AppData\Local\Temp\playwright-java-5125436664364232379\package\lib\server\dispatchers\dispatcher.js:325:39)
}
Call log:
-   - waiting for locator(&quot;//p[contains(text(),&#039;Invalid username&#039;)]&quot;)
" type="com.microsoft.playwright.TimeoutError">
      <![CDATA[com.microsoft.playwright.TimeoutError: Error {
  message='Timeout 30000ms exceeded.
  name='TimeoutError
  stack='TimeoutError: Timeout 30000ms exceeded.
    at ProgressController.run (C:\Users\ILLAKK~1\AppData\Local\Temp\playwright-java-5125436664364232379\package\lib\server\progress.js:86:28)
    at FrameDispatcher._runCommand (C:\Users\ILLAKK~1\AppData\Local\Temp\playwright-java-5125436664364232379\package\lib\server\dispatchers\dispatcher.js:91:31)
    at DispatcherConnection.dispatch (C:\Users\ILLAKK~1\AppData\Local\Temp\playwright-java-5125436664364232379\package\lib\server\dispatchers\dispatcher.js:325:39)
}
Call log:
-   - waiting for locator("//p[contains(text(),'Invalid username')]")

at com.microsoft.playwright.impl.WaitableResult.get(WaitableResult.java:52)
at com.microsoft.playwright.impl.ChannelOwner.runUntil(ChannelOwner.java:138)
at com.microsoft.playwright.impl.Connection.sendMessage(Connection.java:131)
at com.microsoft.playwright.impl.ChannelOwner.sendMessage(ChannelOwner.java:124)
at com.microsoft.playwright.impl.FrameImpl.innerTextImpl(FrameImpl.java:495)
at com.microsoft.playwright.impl.FrameImpl.innerText(FrameImpl.java:486)
at com.microsoft.playwright.impl.LocatorImpl.innerText(LocatorImpl.java:391)
at com.microsoft.playwright.Locator.innerText(Locator.java:3934)
at com.kpmg.test.LoginTest.validLoginTest(LoginTest.java:22)
at java.base/jdk.internal.reflect.NativeMethodAccessorImpl.invoke0(Native Method)
at java.base/jdk.internal.reflect.NativeMethodAccessorImpl.invoke(NativeMethodAccessorImpl.java:62)
at java.base/jdk.internal.reflect.DelegatingMethodAccessorImpl.invoke(DelegatingMethodAccessorImpl.java:43)
at java.base/java.lang.reflect.Method.invoke(Method.java:566)
at org.testng.internal.invokers.MethodInvocationHelper.invokeMethod(MethodInvocationHelper.java:141)
at org.testng.internal.invokers.TestInvoker.invokeMethod(TestInvoker.java:697)
at org.testng.internal.invokers.TestInvoker.invokeTestMethod(TestInvoker.java:230)
at org.testng.internal.invokers.MethodRunner.runInSequence(MethodRunner.java:63)
at org.testng.internal.invokers.TestInvoker$MethodInvocationAgent.invoke(TestInvoker.java:1005)
at org.testng.internal.invokers.TestInvoker.invokeTestMethods(TestInvoker.java:203)
at org.testng.internal.invokers.TestMethodWorker.invokeTestMethods(TestMethodWorker.java:154)
at org.testng.internal.invokers.TestMethodWorker.run(TestMethodWorker.java:134)
at java.base/java.util.ArrayList.forEach(ArrayList.java:1541)
at org.testng.TestRunner.privateRun(TestRunner.java:744)
at org.testng.TestRunner.run(TestRunner.java:616)
at org.testng.SuiteRunner.runTest(SuiteRunner.java:421)
at org.testng.SuiteRunner.runSequentially(SuiteRunner.java:413)
at org.testng.SuiteRunner.privateRun(SuiteRunner.java:373)
at org.testng.SuiteRunner.run(SuiteRunner.java:312)
at org.testng.SuiteRunnerWorker.runSuite(SuiteRunnerWorker.java:52)
at org.testng.SuiteRunnerWorker.run(SuiteRunnerWorker.java:95)
at org.testng.TestNG.runSuitesSequentially(TestNG.java:1274)
at org.testng.TestNG.runSuitesLocally(TestNG.java:1208)
at org.testng.TestNG.runSuites(TestNG.java:1112)
at org.testng.TestNG.run(TestNG.java:1079)
at org.testng.remote.AbstractRemoteTestNG.run(AbstractRemoteTestNG.java:115)
at org.testng.remote.RemoteTestNG.initAndRun(RemoteTestNG.java:293)
at org.testng.remote.RemoteTestNG.main(RemoteTestNG.java:91)
Caused by: com.microsoft.playwright.TimeoutError: Error {
  message='Timeout 30000ms exceeded.
  name='TimeoutError
  stack='TimeoutError: Timeout 30000ms exceeded.
    at ProgressController.run (C:\Users\ILLAKK~1\AppData\Local\Temp\playwright-java-5125436664364232379\package\lib\server\progress.js:86:28)
    at FrameDispatcher._runCommand (C:\Users\ILLAKK~1\AppData\Local\Temp\playwright-java-5125436664364232379\package\lib\server\dispatchers\dispatcher.js:91:31)
    at DispatcherConnection.dispatch (C:\Users\ILLAKK~1\AppData\Local\Temp\playwright-java-5125436664364232379\package\lib\server\dispatchers\dispatcher.js:325:39)
}
Call log:
-   - waiting for locator("//p[contains(text(),'Invalid username')]")

at com.microsoft.playwright.impl.Connection.dispatch(Connection.java:257)
at com.microsoft.playwright.impl.Connection.processOneMessage(Connection.java:214)
at com.microsoft.playwright.impl.ChannelOwner.runUntil(ChannelOwner.java:136)
... 35 more
]]>
    </error>
  </testcase> <!-- validLoginTest -->
  <testcase classname="com.kpmg.test.LoginTest" name="validLoginTest" time="45.287">
    <error message="Error {
  message=&#039;Timeout 30000ms exceeded.
  name=&#039;TimeoutError
  stack=&#039;TimeoutError: Timeout 30000ms exceeded.
    at ProgressController.run (C:\Users\ILLAKK~1\AppData\Local\Temp\playwright-java-5125436664364232379\package\lib\server\progress.js:86:28)
    at FrameDispatcher._runCommand (C:\Users\ILLAKK~1\AppData\Local\Temp\playwright-java-5125436664364232379\package\lib\server\dispatchers\dispatcher.js:91:31)
    at DispatcherConnection.dispatch (C:\Users\ILLAKK~1\AppData\Local\Temp\playwright-java-5125436664364232379\package\lib\server\dispatchers\dispatcher.js:325:39)
}
Call log:
-   - waiting for locator(&quot;//p[contains(text(),&#039;Invalid username&#039;)]&quot;)
" type="com.microsoft.playwright.TimeoutError">
      <![CDATA[com.microsoft.playwright.TimeoutError: Error {
  message='Timeout 30000ms exceeded.
  name='TimeoutError
  stack='TimeoutError: Timeout 30000ms exceeded.
    at ProgressController.run (C:\Users\ILLAKK~1\AppData\Local\Temp\playwright-java-5125436664364232379\package\lib\server\progress.js:86:28)
    at FrameDispatcher._runCommand (C:\Users\ILLAKK~1\AppData\Local\Temp\playwright-java-5125436664364232379\package\lib\server\dispatchers\dispatcher.js:91:31)
    at DispatcherConnection.dispatch (C:\Users\ILLAKK~1\AppData\Local\Temp\playwright-java-5125436664364232379\package\lib\server\dispatchers\dispatcher.js:325:39)
}
Call log:
-   - waiting for locator("//p[contains(text(),'Invalid username')]")

at com.microsoft.playwright.impl.WaitableResult.get(WaitableResult.java:52)
at com.microsoft.playwright.impl.ChannelOwner.runUntil(ChannelOwner.java:138)
at com.microsoft.playwright.impl.Connection.sendMessage(Connection.java:131)
at com.microsoft.playwright.impl.ChannelOwner.sendMessage(ChannelOwner.java:124)
at com.microsoft.playwright.impl.FrameImpl.innerTextImpl(FrameImpl.java:495)
at com.microsoft.playwright.impl.FrameImpl.innerText(FrameImpl.java:486)
at com.microsoft.playwright.impl.LocatorImpl.innerText(LocatorImpl.java:391)
at com.microsoft.playwright.Locator.innerText(Locator.java:3934)
at com.kpmg.test.LoginTest.validLoginTest(LoginTest.java:22)
at java.base/jdk.internal.reflect.NativeMethodAccessorImpl.invoke0(Native Method)
at java.base/jdk.internal.reflect.NativeMethodAccessorImpl.invoke(NativeMethodAccessorImpl.java:62)
at java.base/jdk.internal.reflect.DelegatingMethodAccessorImpl.invoke(DelegatingMethodAccessorImpl.java:43)
at java.base/java.lang.reflect.Method.invoke(Method.java:566)
at org.testng.internal.invokers.MethodInvocationHelper.invokeMethod(MethodInvocationHelper.java:141)
at org.testng.internal.invokers.TestInvoker.invokeMethod(TestInvoker.java:697)
at org.testng.internal.invokers.TestInvoker.invokeTestMethod(TestInvoker.java:230)
at org.testng.internal.invokers.MethodRunner.runInSequence(MethodRunner.java:63)
at org.testng.internal.invokers.TestInvoker$MethodInvocationAgent.invoke(TestInvoker.java:1005)
at org.testng.internal.invokers.TestInvoker.invokeTestMethods(TestInvoker.java:203)
at org.testng.internal.invokers.TestMethodWorker.invokeTestMethods(TestMethodWorker.java:154)
at org.testng.internal.invokers.TestMethodWorker.run(TestMethodWorker.java:134)
at java.base/java.util.ArrayList.forEach(ArrayList.java:1541)
at org.testng.TestRunner.privateRun(TestRunner.java:744)
at org.testng.TestRunner.run(TestRunner.java:616)
at org.testng.SuiteRunner.runTest(SuiteRunner.java:421)
at org.testng.SuiteRunner.runSequentially(SuiteRunner.java:413)
at org.testng.SuiteRunner.privateRun(SuiteRunner.java:373)
at org.testng.SuiteRunner.run(SuiteRunner.java:312)
at org.testng.SuiteRunnerWorker.runSuite(SuiteRunnerWorker.java:52)
at org.testng.SuiteRunnerWorker.run(SuiteRunnerWorker.java:95)
at org.testng.TestNG.runSuitesSequentially(TestNG.java:1274)
at org.testng.TestNG.runSuitesLocally(TestNG.java:1208)
at org.testng.TestNG.runSuites(TestNG.java:1112)
at org.testng.TestNG.run(TestNG.java:1079)
at org.testng.remote.AbstractRemoteTestNG.run(AbstractRemoteTestNG.java:115)
at org.testng.remote.RemoteTestNG.initAndRun(RemoteTestNG.java:293)
at org.testng.remote.RemoteTestNG.main(RemoteTestNG.java:91)
Caused by: com.microsoft.playwright.TimeoutError: Error {
  message='Timeout 30000ms exceeded.
  name='TimeoutError
  stack='TimeoutError: Timeout 30000ms exceeded.
    at ProgressController.run (C:\Users\ILLAKK~1\AppData\Local\Temp\playwright-java-5125436664364232379\package\lib\server\progress.js:86:28)
    at FrameDispatcher._runCommand (C:\Users\ILLAKK~1\AppData\Local\Temp\playwright-java-5125436664364232379\package\lib\server\dispatchers\dispatcher.js:91:31)
    at DispatcherConnection.dispatch (C:\Users\ILLAKK~1\AppData\Local\Temp\playwright-java-5125436664364232379\package\lib\server\dispatchers\dispatcher.js:325:39)
}
Call log:
-   - waiting for locator("//p[contains(text(),'Invalid username')]")

at com.microsoft.playwright.impl.Connection.dispatch(Connection.java:257)
at com.microsoft.playwright.impl.Connection.processOneMessage(Connection.java:214)
at com.microsoft.playwright.impl.ChannelOwner.runUntil(ChannelOwner.java:136)
... 35 more
]]>
    </error>
  </testcase> <!-- validLoginTest -->
  <testcase classname="com.kpmg.test.LoginTest" name="validLoginTest" time="45.495">
    <error message="Error {
  message=&#039;Timeout 30000ms exceeded.
  name=&#039;TimeoutError
  stack=&#039;TimeoutError: Timeout 30000ms exceeded.
    at ProgressController.run (C:\Users\ILLAKK~1\AppData\Local\Temp\playwright-java-5125436664364232379\package\lib\server\progress.js:86:28)
    at FrameDispatcher._runCommand (C:\Users\ILLAKK~1\AppData\Local\Temp\playwright-java-5125436664364232379\package\lib\server\dispatchers\dispatcher.js:91:31)
    at DispatcherConnection.dispatch (C:\Users\ILLAKK~1\AppData\Local\Temp\playwright-java-5125436664364232379\package\lib\server\dispatchers\dispatcher.js:325:39)
}
Call log:
-   - waiting for locator(&quot;//p[contains(text(),&#039;Invalid username&#039;)]&quot;)
" type="com.microsoft.playwright.TimeoutError">
      <![CDATA[com.microsoft.playwright.TimeoutError: Error {
  message='Timeout 30000ms exceeded.
  name='TimeoutError
  stack='TimeoutError: Timeout 30000ms exceeded.
    at ProgressController.run (C:\Users\ILLAKK~1\AppData\Local\Temp\playwright-java-5125436664364232379\package\lib\server\progress.js:86:28)
    at FrameDispatcher._runCommand (C:\Users\ILLAKK~1\AppData\Local\Temp\playwright-java-5125436664364232379\package\lib\server\dispatchers\dispatcher.js:91:31)
    at DispatcherConnection.dispatch (C:\Users\ILLAKK~1\AppData\Local\Temp\playwright-java-5125436664364232379\package\lib\server\dispatchers\dispatcher.js:325:39)
}
Call log:
-   - waiting for locator("//p[contains(text(),'Invalid username')]")

at com.microsoft.playwright.impl.WaitableResult.get(WaitableResult.java:52)
at com.microsoft.playwright.impl.ChannelOwner.runUntil(ChannelOwner.java:138)
at com.microsoft.playwright.impl.Connection.sendMessage(Connection.java:131)
at com.microsoft.playwright.impl.ChannelOwner.sendMessage(ChannelOwner.java:124)
at com.microsoft.playwright.impl.FrameImpl.innerTextImpl(FrameImpl.java:495)
at com.microsoft.playwright.impl.FrameImpl.innerText(FrameImpl.java:486)
at com.microsoft.playwright.impl.LocatorImpl.innerText(LocatorImpl.java:391)
at com.microsoft.playwright.Locator.innerText(Locator.java:3934)
at com.kpmg.test.LoginTest.validLoginTest(LoginTest.java:22)
at java.base/jdk.internal.reflect.NativeMethodAccessorImpl.invoke0(Native Method)
at java.base/jdk.internal.reflect.NativeMethodAccessorImpl.invoke(NativeMethodAccessorImpl.java:62)
at java.base/jdk.internal.reflect.DelegatingMethodAccessorImpl.invoke(DelegatingMethodAccessorImpl.java:43)
at java.base/java.lang.reflect.Method.invoke(Method.java:566)
at org.testng.internal.invokers.MethodInvocationHelper.invokeMethod(MethodInvocationHelper.java:141)
at org.testng.internal.invokers.TestInvoker.invokeMethod(TestInvoker.java:697)
at org.testng.internal.invokers.TestInvoker.invokeTestMethod(TestInvoker.java:230)
at org.testng.internal.invokers.MethodRunner.runInSequence(MethodRunner.java:63)
at org.testng.internal.invokers.TestInvoker$MethodInvocationAgent.invoke(TestInvoker.java:1005)
at org.testng.internal.invokers.TestInvoker.invokeTestMethods(TestInvoker.java:203)
at org.testng.internal.invokers.TestMethodWorker.invokeTestMethods(TestMethodWorker.java:154)
at org.testng.internal.invokers.TestMethodWorker.run(TestMethodWorker.java:134)
at java.base/java.util.ArrayList.forEach(ArrayList.java:1541)
at org.testng.TestRunner.privateRun(TestRunner.java:744)
at org.testng.TestRunner.run(TestRunner.java:616)
at org.testng.SuiteRunner.runTest(SuiteRunner.java:421)
at org.testng.SuiteRunner.runSequentially(SuiteRunner.java:413)
at org.testng.SuiteRunner.privateRun(SuiteRunner.java:373)
at org.testng.SuiteRunner.run(SuiteRunner.java:312)
at org.testng.SuiteRunnerWorker.runSuite(SuiteRunnerWorker.java:52)
at org.testng.SuiteRunnerWorker.run(SuiteRunnerWorker.java:95)
at org.testng.TestNG.runSuitesSequentially(TestNG.java:1274)
at org.testng.TestNG.runSuitesLocally(TestNG.java:1208)
at org.testng.TestNG.runSuites(TestNG.java:1112)
at org.testng.TestNG.run(TestNG.java:1079)
at org.testng.remote.AbstractRemoteTestNG.run(AbstractRemoteTestNG.java:115)
at org.testng.remote.RemoteTestNG.initAndRun(RemoteTestNG.java:293)
at org.testng.remote.RemoteTestNG.main(RemoteTestNG.java:91)
Caused by: com.microsoft.playwright.TimeoutError: Error {
  message='Timeout 30000ms exceeded.
  name='TimeoutError
  stack='TimeoutError: Timeout 30000ms exceeded.
    at ProgressController.run (C:\Users\ILLAKK~1\AppData\Local\Temp\playwright-java-5125436664364232379\package\lib\server\progress.js:86:28)
    at FrameDispatcher._runCommand (C:\Users\ILLAKK~1\AppData\Local\Temp\playwright-java-5125436664364232379\package\lib\server\dispatchers\dispatcher.js:91:31)
    at DispatcherConnection.dispatch (C:\Users\ILLAKK~1\AppData\Local\Temp\playwright-java-5125436664364232379\package\lib\server\dispatchers\dispatcher.js:325:39)
}
Call log:
-   - waiting for locator("//p[contains(text(),'Invalid username')]")

at com.microsoft.playwright.impl.Connection.dispatch(Connection.java:257)
at com.microsoft.playwright.impl.Connection.processOneMessage(Connection.java:214)
at com.microsoft.playwright.impl.ChannelOwner.runUntil(ChannelOwner.java:136)
... 35 more
]]>
    </error>
  </testcase> <!-- validLoginTest -->
</testsuite> <!-- com.kpmg.test.LoginTest -->
